<?xml version="1.0" encoding="UTF-8"?><testrun name="MainRunner (1)" project="WebDriverUniversity" tests="36" started="36" failures="2" errors="0" ignored="0">
  <testsuite name="CucumberFramework.runner.MainRunner" time="77.97">
    <testsuite name="Feature: Submit data to webdriveruniversity.com using contact us form" time="48.378">
      <testsuite name="Scenario: Submit information using the contact us form" time="9.346">
        <testcase name="Given I access webdriveruniversity1" classname="Scenario: Submit information using the contact us form" time="3.298"/>
        <testcase name="When I click on the contact1" classname="Scenario: Submit information using the contact us form" time="4.275"/>
        <testcase name="And I enter first name1" classname="Scenario: Submit information using the contact us form" time="0.124"/>
        <testcase name="And I enter last name1" classname="Scenario: Submit information using the contact us form" time="0.178"/>
        <testcase name="And I enter an email address1" classname="Scenario: Submit information using the contact us form" time="0.176"/>
        <testcase name="And I enter comments1" classname="Scenario: Submit information using the contact us form" time="1.202"/>
        <testcase name="And I click on the submit button1" classname="Scenario: Submit information using the contact us form" time="0.093"/>
        <testcase name="Then confirmation" classname="Scenario: Submit information using the contact us form" time="0.0"/>
      </testsuite>
      <testsuite name="Scenario: Submit invalid information using the contact us form" time="8.924">
        <testcase name="Given I access webdriveruniversity1" classname="Scenario: Submit invalid information using the contact us form" time="3.459"/>
        <testcase name="When I click on the contact1" classname="Scenario: Submit invalid information using the contact us form" time="4.279"/>
        <testcase name="And I enter first name1" classname="Scenario: Submit invalid information using the contact us form" time="0.148"/>
        <testcase name="And I enter last name1" classname="Scenario: Submit invalid information using the contact us form" time="0.14"/>
        <testcase name="And I enter an email address2" classname="Scenario: Submit invalid information using the contact us form" time="0.215"/>
        <testcase name="And I enter comments1" classname="Scenario: Submit invalid information using the contact us form" time="0.617"/>
        <testcase name="And I click on the submit button1" classname="Scenario: Submit invalid information using the contact us form" time="0.064"/>
        <testcase name="Then invalid confirmation" classname="Scenario: Submit invalid information using the contact us form" time="0.001"/>
      </testsuite>
      <testsuite name="Scenario: Reset information using the contact us form" time="8.259" incomplete="true">
        <failure>java.lang.AssertionError&#13;
	at org.junit.Assert.fail(Assert.java:86)&#13;
	at org.junit.Assert.fail(Assert.java:95)&#13;
	at CucumberFramework.Steps.ContactUs.empty_confirmartion(ContactUs.java:109)&#13;
	at ✽.Then empty confirmation(ContactUs.feature:36)&#13;
&#13;
</failure>
        <testcase name="Given I access webdriveruniversity1" classname="Scenario: Reset information using the contact us form" time="3.416"/>
        <testcase name="When I click on the contact1" classname="Scenario: Reset information using the contact us form" time="4.303"/>
        <testcase name="And I enter first name1" classname="Scenario: Reset information using the contact us form" time="0.073"/>
        <testcase name="And I enter last name1" classname="Scenario: Reset information using the contact us form" time="0.104"/>
        <testcase name="And I enter an email address1" classname="Scenario: Reset information using the contact us form" time="0.101"/>
        <testcase name="And I enter comments1" classname="Scenario: Reset information using the contact us form" time="0.171"/>
        <testcase name="And I click on the reset button" classname="Scenario: Reset information using the contact us form" time="0.086"/>
        <testcase name="Then empty confirmation" classname="Scenario: Reset information using the contact us form" time="0.005">
          <failure>java.lang.AssertionError&#13;
	at org.junit.Assert.fail(Assert.java:86)&#13;
	at org.junit.Assert.fail(Assert.java:95)&#13;
	at CucumberFramework.Steps.ContactUs.empty_confirmartion(ContactUs.java:109)&#13;
	at ✽.Then empty confirmation(ContactUs.feature:36)&#13;
&#13;
</failure>
        </testcase>
      </testsuite>
    </testsuite>
    <testsuite name="Feature: Login to account at webdriveruniversity.com using login portal" time="19.519">
      <testsuite name="Scenario: Login to account correct password" time="4.529">
        <testcase name="Given I access webdriveruniversity" classname="Scenario: Login to account correct password" time="0.165"/>
        <testcase name="When I click on the login portal button" classname="Scenario: Login to account correct password" time="4.196"/>
        <testcase name="And I enter username" classname="Scenario: Login to account correct password" time="0.101"/>
        <testcase name="And I enter a &quot;webdriver123&quot; password" classname="Scenario: Login to account correct password" time="0.062"/>
        <testcase name="When I click on the login button" classname="Scenario: Login to account correct password" time="0.004"/>
        <testcase name="Then I should be presented wit a successful validation alert" classname="Scenario: Login to account correct password" time="0.0"/>
      </testsuite>
      <testsuite name="Scenario: Login to account with a invalid password" time="4.836">
        <testcase name="Given I access webdriveruniversity" classname="Scenario: Login to account with a invalid password" time="0.153"/>
        <testcase name="When I click on the login portal button" classname="Scenario: Login to account with a invalid password" time="4.166"/>
        <testcase name="And I enter username" classname="Scenario: Login to account with a invalid password" time="0.096"/>
        <testcase name="And I enter a &quot;invalid&quot; password" classname="Scenario: Login to account with a invalid password" time="0.067"/>
        <testcase name="When I click on the login button" classname="Scenario: Login to account with a invalid password" time="0.003"/>
        <testcase name="Then I should be presented with a unsuccessful validation alert" classname="Scenario: Login to account with a invalid password" time="0.35"/>
      </testsuite>
    </testsuite>
  </testsuite>
</testrun>
