<?xml version="1.0" encoding="UTF-8"?><testrun name="MainRunner (1)" project="WebDriverUniversity" tests="36" started="8" failures="0" errors="3" ignored="0">
  <testsuite name="CucumberFramework.runner.MainRunner" incomplete="true">
    <testsuite name="Feature: Submit data to webdriveruniversity.com using contact us form" incomplete="true">
      <testsuite name="Scenario: Submit information using the contact us form" time="9.349" incomplete="true">
        <error>org.openqa.selenium.NoSuchWindowException: no such window: target window already closed
from unknown error: web view not found
  (Session info: chrome=81.0.4044.113)
Build info: version: '3.9.0', revision: '698b3178f0', time: '2018-02-05T14:56:13.134Z'
System info: host: 'EPPLKATW0255', ip: '192.168.1.12', os.name: 'Windows 10', os.arch: 'amd64', os.version: '10.0', java.version: '14'
Driver info: org.openqa.selenium.chrome.ChromeDriver
Capabilities {acceptInsecureCerts: false, browserName: chrome, browserVersion: 81.0.4044.113, chrome: {chromedriverVersion: 80.0.3987.106 (f68069574609..., userDataDir: C:\Users\LUIS_M~1\AppData\L...}, goog:chromeOptions: {debuggerAddress: localhost:61549}, javascriptEnabled: true, networkConnectionEnabled: false, pageLoadStrategy: normal, platform: WINDOWS, platformName: WINDOWS, proxy: Proxy(), setWindowRect: true, strictFileInteractability: false, timeouts: {implicit: 0, pageLoad: 300000, script: 30000}, unhandledPromptBehavior: dismiss and notify}
Session ID: 4772074d5e5210779e95b9bdc65e1066&#13;
	at java.base/jdk.internal.reflect.NativeConstructorAccessorImpl.newInstance0(Native Method)&#13;
	at java.base/jdk.internal.reflect.NativeConstructorAccessorImpl.newInstance(NativeConstructorAccessorImpl.java:62)&#13;
	at java.base/jdk.internal.reflect.DelegatingConstructorAccessorImpl.newInstance(DelegatingConstructorAccessorImpl.java:45)&#13;
	at java.base/java.lang.reflect.Constructor.newInstanceWithCaller(Constructor.java:500)&#13;
	at java.base/java.lang.reflect.Constructor.newInstance(Constructor.java:481)&#13;
	at org.openqa.selenium.remote.http.W3CHttpResponseCodec.createException(W3CHttpResponseCodec.java:187)&#13;
	at org.openqa.selenium.remote.http.W3CHttpResponseCodec.decode(W3CHttpResponseCodec.java:122)&#13;
	at org.openqa.selenium.remote.http.W3CHttpResponseCodec.decode(W3CHttpResponseCodec.java:49)&#13;
	at org.openqa.selenium.remote.HttpCommandExecutor.execute(HttpCommandExecutor.java:160)&#13;
	at org.openqa.selenium.remote.service.DriverCommandExecutor.execute(DriverCommandExecutor.java:83)&#13;
	at org.openqa.selenium.remote.RemoteWebDriver.execute(RemoteWebDriver.java:601)&#13;
	at org.openqa.selenium.remote.RemoteWebDriver.execute(RemoteWebDriver.java:658)&#13;
	at org.openqa.selenium.remote.RemoteWebDriver.getWindowHandle(RemoteWebDriver.java:518)&#13;
	at CucumberFramework.Steps.ContactUs.confirmation(ContactUs.java:112)&#13;
	at âœ½.Then confirmation(ContactUs.feature:17)&#13;
&#13;
org.openqa.selenium.NoSuchWindowException: no such window: target window already closed
from unknown error: web view not found
  (Session info: chrome=81.0.4044.113)
Build info: version: '3.9.0', revision: '698b3178f0', time: '2018-02-05T14:56:13.134Z'
System info: host: 'EPPLKATW0255', ip: '192.168.1.12', os.name: 'Windows 10', os.arch: 'amd64', os.version: '10.0', java.version: '14'
Driver info: org.openqa.selenium.chrome.ChromeDriver
Capabilities {acceptInsecureCerts: false, browserName: chrome, browserVersion: 81.0.4044.113, chrome: {chromedriverVersion: 80.0.3987.106 (f68069574609..., userDataDir: C:\Users\LUIS_M~1\AppData\L...}, goog:chromeOptions: {debuggerAddress: localhost:61549}, javascriptEnabled: true, networkConnectionEnabled: false, pageLoadStrategy: normal, platform: WINDOWS, platformName: WINDOWS, proxy: Proxy(), setWindowRect: true, strictFileInteractability: false, timeouts: {implicit: 0, pageLoad: 300000, script: 30000}, unhandledPromptBehavior: dismiss and notify}
Session ID: 4772074d5e5210779e95b9bdc65e1066&#13;
	at java.base/jdk.internal.reflect.NativeConstructorAccessorImpl.newInstance0(Native Method)&#13;
	at java.base/jdk.internal.reflect.NativeConstructorAccessorImpl.newInstance(NativeConstructorAccessorImpl.java:62)&#13;
	at java.base/jdk.internal.reflect.DelegatingConstructorAccessorImpl.newInstance(DelegatingConstructorAccessorImpl.java:45)&#13;
	at java.base/java.lang.reflect.Constructor.newInstanceWithCaller(Constructor.java:500)&#13;
	at java.base/java.lang.reflect.Constructor.newInstance(Constructor.java:481)&#13;
	at org.openqa.selenium.remote.http.W3CHttpResponseCodec.createException(W3CHttpResponseCodec.java:187)&#13;
	at org.openqa.selenium.remote.http.W3CHttpResponseCodec.decode(W3CHttpResponseCodec.java:122)&#13;
	at org.openqa.selenium.remote.http.W3CHttpResponseCodec.decode(W3CHttpResponseCodec.java:49)&#13;
	at org.openqa.selenium.remote.HttpCommandExecutor.execute(HttpCommandExecutor.java:160)&#13;
	at org.openqa.selenium.remote.service.DriverCommandExecutor.execute(DriverCommandExecutor.java:83)&#13;
	at org.openqa.selenium.remote.RemoteWebDriver.execute(RemoteWebDriver.java:601)&#13;
	at org.openqa.selenium.remote.RemoteWebDriver.execute(RemoteWebDriver.java:658)&#13;
	at org.openqa.selenium.remote.RemoteWebDriver$RemoteWebDriverOptions.deleteAllCookies(RemoteWebDriver.java:743)&#13;
	at CucumberFramework.Steps.ContactUs.tearDown(ContactUs.java:36)&#13;
	at java.base/jdk.internal.reflect.NativeMethodAccessorImpl.invoke0(Native Method)&#13;
	at java.base/jdk.internal.reflect.NativeMethodAccessorImpl.invoke(NativeMethodAccessorImpl.java:62)&#13;
	at java.base/jdk.internal.reflect.DelegatingMethodAccessorImpl.invoke(DelegatingMethodAccessorImpl.java:43)&#13;
	at java.base/java.lang.reflect.Method.invoke(Method.java:564)&#13;
	at cucumber.runtime.Utils$1.call(Utils.java:40)&#13;
	at cucumber.runtime.Timeout.timeout(Timeout.java:16)&#13;
	at cucumber.runtime.Utils.invoke(Utils.java:34)&#13;
	at cucumber.runtime.java.JavaHookDefinition.execute(JavaHookDefinition.java:60)&#13;
	at cucumber.runtime.Runtime.runHookIfTagsMatch(Runtime.java:224)&#13;
	at cucumber.runtime.Runtime.runHooks(Runtime.java:212)&#13;
	at cucumber.runtime.Runtime.runAfterHooks(Runtime.java:206)&#13;
	at cucumber.runtime.model.CucumberScenario.run(CucumberScenario.java:46)&#13;
	at cucumber.runtime.junit.ExecutionUnitRunner.run(ExecutionUnitRunner.java:102)&#13;
	at cucumber.runtime.junit.FeatureRunner.runChild(FeatureRunner.java:63)&#13;
	at cucumber.runtime.junit.FeatureRunner.runChild(FeatureRunner.java:18)&#13;
	at org.junit.runners.ParentRunner$3.run(ParentRunner.java:238)&#13;
	at org.junit.runners.ParentRunner$1.schedule(ParentRunner.java:63)&#13;
	at org.junit.runners.ParentRunner.runChildren(ParentRunner.java:236)&#13;
	at org.junit.runners.ParentRunner.access$000(ParentRunner.java:53)&#13;
	at org.junit.runners.ParentRunner$2.evaluate(ParentRunner.java:229)&#13;
	at org.junit.runners.ParentRunner.run(ParentRunner.java:309)&#13;
	at cucumber.runtime.junit.FeatureRunner.run(FeatureRunner.java:70)&#13;
	at cucumber.api.junit.Cucumber.runChild(Cucumber.java:95)&#13;
	at cucumber.api.junit.Cucumber.runChild(Cucumber.java:38)&#13;
	at org.junit.runners.ParentRunner$3.run(ParentRunner.java:238)&#13;
	at org.junit.runners.ParentRunner$1.schedule(ParentRunner.java:63)&#13;
	at org.junit.runners.ParentRunner.runChildren(ParentRunner.java:236)&#13;
	at org.junit.runners.ParentRunner.access$000(ParentRunner.java:53)&#13;
	at org.junit.runners.ParentRunner$2.evaluate(ParentRunner.java:229)&#13;
	at org.junit.runners.ParentRunner.run(ParentRunner.java:309)&#13;
	at cucumber.api.junit.Cucumber.run(Cucumber.java:100)&#13;
	at org.eclipse.jdt.internal.junit4.runner.JUnit4TestReference.run(JUnit4TestReference.java:89)&#13;
	at org.eclipse.jdt.internal.junit.runner.TestExecution.run(TestExecution.java:41)&#13;
	at org.eclipse.jdt.internal.junit.runner.RemoteTestRunner.runTests(RemoteTestRunner.java:542)&#13;
	at org.eclipse.jdt.internal.junit.runner.RemoteTestRunner.runTests(RemoteTestRunner.java:770)&#13;
	at org.eclipse.jdt.internal.junit.runner.RemoteTestRunner.run(RemoteTestRunner.java:464)&#13;
	at org.eclipse.jdt.internal.junit.runner.RemoteTestRunner.main(RemoteTestRunner.java:210)&#13;
&#13;
</error>
        <testcase name="Given I access webdriveruniversity1" classname="Scenario: Submit information using the contact us form" time="3.234"/>
        <testcase name="When I click on the contact1" classname="Scenario: Submit information using the contact us form" time="4.365"/>
        <testcase name="And I enter first name1" classname="Scenario: Submit information using the contact us form" time="0.126"/>
        <testcase name="And I enter last name1" classname="Scenario: Submit information using the contact us form" time="0.187"/>
        <testcase name="And I enter an email address1" classname="Scenario: Submit information using the contact us form" time="0.271"/>
        <testcase name="And I enter comments using data table" classname="Scenario: Submit information using the contact us form" time="1.024"/>
        <testcase name="And I click on the submit button1" classname="Scenario: Submit information using the contact us form" time="0.136"/>
        <testcase name="Then confirmation" classname="Scenario: Submit information using the contact us form" time="0.006">
          <error>org.openqa.selenium.NoSuchWindowException: no such window: target window already closed
from unknown error: web view not found
  (Session info: chrome=81.0.4044.113)
Build info: version: '3.9.0', revision: '698b3178f0', time: '2018-02-05T14:56:13.134Z'
System info: host: 'EPPLKATW0255', ip: '192.168.1.12', os.name: 'Windows 10', os.arch: 'amd64', os.version: '10.0', java.version: '14'
Driver info: org.openqa.selenium.chrome.ChromeDriver
Capabilities {acceptInsecureCerts: false, browserName: chrome, browserVersion: 81.0.4044.113, chrome: {chromedriverVersion: 80.0.3987.106 (f68069574609..., userDataDir: C:\Users\LUIS_M~1\AppData\L...}, goog:chromeOptions: {debuggerAddress: localhost:61549}, javascriptEnabled: true, networkConnectionEnabled: false, pageLoadStrategy: normal, platform: WINDOWS, platformName: WINDOWS, proxy: Proxy(), setWindowRect: true, strictFileInteractability: false, timeouts: {implicit: 0, pageLoad: 300000, script: 30000}, unhandledPromptBehavior: dismiss and notify}
Session ID: 4772074d5e5210779e95b9bdc65e1066&#13;
	at java.base/jdk.internal.reflect.NativeConstructorAccessorImpl.newInstance0(Native Method)&#13;
	at java.base/jdk.internal.reflect.NativeConstructorAccessorImpl.newInstance(NativeConstructorAccessorImpl.java:62)&#13;
	at java.base/jdk.internal.reflect.DelegatingConstructorAccessorImpl.newInstance(DelegatingConstructorAccessorImpl.java:45)&#13;
	at java.base/java.lang.reflect.Constructor.newInstanceWithCaller(Constructor.java:500)&#13;
	at java.base/java.lang.reflect.Constructor.newInstance(Constructor.java:481)&#13;
	at org.openqa.selenium.remote.http.W3CHttpResponseCodec.createException(W3CHttpResponseCodec.java:187)&#13;
	at org.openqa.selenium.remote.http.W3CHttpResponseCodec.decode(W3CHttpResponseCodec.java:122)&#13;
	at org.openqa.selenium.remote.http.W3CHttpResponseCodec.decode(W3CHttpResponseCodec.java:49)&#13;
	at org.openqa.selenium.remote.HttpCommandExecutor.execute(HttpCommandExecutor.java:160)&#13;
	at org.openqa.selenium.remote.service.DriverCommandExecutor.execute(DriverCommandExecutor.java:83)&#13;
	at org.openqa.selenium.remote.RemoteWebDriver.execute(RemoteWebDriver.java:601)&#13;
	at org.openqa.selenium.remote.RemoteWebDriver.execute(RemoteWebDriver.java:658)&#13;
	at org.openqa.selenium.remote.RemoteWebDriver.getWindowHandle(RemoteWebDriver.java:518)&#13;
	at CucumberFramework.Steps.ContactUs.confirmation(ContactUs.java:112)&#13;
	at âœ½.Then confirmation(ContactUs.feature:17)&#13;
&#13;
</error>
        </testcase>
      </testsuite>
      <testsuite name="Scenario: Submit invalid information using the contact us form" incomplete="true">
        <testcase name="Given I access webdriveruniversity1" classname="Scenario: Submit invalid information using the contact us form" incomplete="true"/>
        <testcase name="When I click on the contact1" classname="Scenario: Submit invalid information using the contact us form" incomplete="true"/>
        <testcase name="And I enter first name1" classname="Scenario: Submit invalid information using the contact us form" incomplete="true"/>
        <testcase name="And I enter last name1" classname="Scenario: Submit invalid information using the contact us form" incomplete="true"/>
        <testcase name="And I enter an email address2" classname="Scenario: Submit invalid information using the contact us form" incomplete="true"/>
        <testcase name="And I enter comments1" classname="Scenario: Submit invalid information using the contact us form" incomplete="true"/>
        <testcase name="And I click on the submit button1" classname="Scenario: Submit invalid information using the contact us form" incomplete="true"/>
        <testcase name="Then invalid confirmation" classname="Scenario: Submit invalid information using the contact us form" incomplete="true"/>
      </testsuite>
      <testsuite name="Scenario: Reset information using Reset button on the contact us form" incomplete="true">
        <testcase name="Given I access webdriveruniversity1" classname="Scenario: Reset information using Reset button on the contact us form" incomplete="true"/>
        <testcase name="When I click on the contact1" classname="Scenario: Reset information using Reset button on the contact us form" incomplete="true"/>
        <testcase name="And I enter first name1" classname="Scenario: Reset information using Reset button on the contact us form" incomplete="true"/>
        <testcase name="And I enter last name1" classname="Scenario: Reset information using Reset button on the contact us form" incomplete="true"/>
        <testcase name="And I enter an email address1" classname="Scenario: Reset information using Reset button on the contact us form" incomplete="true"/>
        <testcase name="And I enter comments1" classname="Scenario: Reset information using Reset button on the contact us form" incomplete="true"/>
        <testcase name="And I click on the reset button" classname="Scenario: Reset information using Reset button on the contact us form" incomplete="true"/>
        <testcase name="Then empty confirmation" classname="Scenario: Reset information using Reset button on the contact us form" incomplete="true"/>
      </testsuite>
    </testsuite>
    <testsuite name="Feature: Login to account at webdriveruniversity.com using login portal" incomplete="true">
      <testsuite name="Scenario: Login to account correct password" incomplete="true">
        <testcase name="Given I access webdriveruniversity" classname="Scenario: Login to account correct password" incomplete="true"/>
        <testcase name="When I click on the login portal button" classname="Scenario: Login to account correct password" incomplete="true"/>
        <testcase name="And I enter username" classname="Scenario: Login to account correct password" incomplete="true"/>
        <testcase name="And I enter a &quot;webdriver123&quot; password" classname="Scenario: Login to account correct password" incomplete="true"/>
        <testcase name="When I click on the login button" classname="Scenario: Login to account correct password" incomplete="true"/>
        <testcase name="Then I should be presented wit a successful validation alert" classname="Scenario: Login to account correct password" incomplete="true"/>
      </testsuite>
      <testsuite name="Scenario: Login to account with a invalid password" incomplete="true">
        <testcase name="Given I access webdriveruniversity" classname="Scenario: Login to account with a invalid password" incomplete="true"/>
        <testcase name="When I click on the login portal button" classname="Scenario: Login to account with a invalid password" incomplete="true"/>
        <testcase name="And I enter username" classname="Scenario: Login to account with a invalid password" incomplete="true"/>
        <testcase name="And I enter a &quot;invalid&quot; password" classname="Scenario: Login to account with a invalid password" incomplete="true"/>
        <testcase name="When I click on the login button" classname="Scenario: Login to account with a invalid password" incomplete="true"/>
        <testcase name="Then I should be presented with a unsuccessful validation alert" classname="Scenario: Login to account with a invalid password" incomplete="true"/>
      </testsuite>
    </testsuite>
  </testsuite>
</testrun>
