<?xml version="1.0" encoding="UTF-8"?><testrun name="MainRunner (1)" project="WebDriverUniversity" tests="36" started="36" failures="0" errors="2" ignored="0">
  <testsuite name="CucumberFramework.runner.MainRunner" time="84.092">
    <testsuite name="Feature: Submit data to webdriveruniversity.com using contact us form" time="48.612">
      <testsuite name="Scenario: Submit information using the contact us form" time="8.645">
        <testcase name="Given I access webdriveruniversity1" classname="Scenario: Submit information using the contact us form" time="3.111"/>
        <testcase name="When I click on the contact1" classname="Scenario: Submit information using the contact us form" time="4.199"/>
        <testcase name="And I enter first name1" classname="Scenario: Submit information using the contact us form" time="0.089"/>
        <testcase name="And I enter last name1" classname="Scenario: Submit information using the contact us form" time="0.121"/>
        <testcase name="And I enter an email address1" classname="Scenario: Submit information using the contact us form" time="0.118"/>
        <testcase name="And I enter comments1" classname="Scenario: Submit information using the contact us form" time="0.962"/>
        <testcase name="And I click on the submit button1" classname="Scenario: Submit information using the contact us form" time="0.043"/>
        <testcase name="Then confirmation" classname="Scenario: Submit information using the contact us form" time="0.002"/>
      </testsuite>
      <testsuite name="Scenario: Submit invalid information using the contact us form" time="9.113">
        <testcase name="Given I access webdriveruniversity1" classname="Scenario: Submit invalid information using the contact us form" time="3.551"/>
        <testcase name="When I click on the contact1" classname="Scenario: Submit invalid information using the contact us form" time="4.788"/>
        <testcase name="And I enter first name1" classname="Scenario: Submit invalid information using the contact us form" time="0.086"/>
        <testcase name="And I enter last name1" classname="Scenario: Submit invalid information using the contact us form" time="0.073"/>
        <testcase name="And I enter an email address2" classname="Scenario: Submit invalid information using the contact us form" time="0.126"/>
        <testcase name="And I enter comments1" classname="Scenario: Submit invalid information using the contact us form" time="0.453"/>
        <testcase name="And I click on the submit button1" classname="Scenario: Submit invalid information using the contact us form" time="0.036"/>
        <testcase name="Then invalid confirmation" classname="Scenario: Submit invalid information using the contact us form" time="0.0"/>
      </testsuite>
      <testsuite name="Scenario: Reset information using the contact us form" time="8.764" incomplete="true">
        <error>org.openqa.selenium.NoSuchElementException: no such element: Unable to locate element: {"method":"css selector","selector":"#contact_reply"}
  (Session info: chrome=81.0.4044.113)
For documentation on this error, please visit: http://seleniumhq.org/exceptions/no_such_element.html
Build info: version: '3.9.0', revision: '698b3178f0', time: '2018-02-05T14:56:13.134Z'
System info: host: 'EPPLKATW0255', ip: '192.168.1.12', os.name: 'Windows 10', os.arch: 'amd64', os.version: '10.0', java.version: '14'
Driver info: org.openqa.selenium.chrome.ChromeDriver
Capabilities {acceptInsecureCerts: false, browserName: chrome, browserVersion: 81.0.4044.113, chrome: {chromedriverVersion: 80.0.3987.106 (f68069574609..., userDataDir: C:\Users\LUIS_M~1\AppData\L...}, goog:chromeOptions: {debuggerAddress: localhost:49204}, javascriptEnabled: true, networkConnectionEnabled: false, pageLoadStrategy: normal, platform: WINDOWS, platformName: WINDOWS, proxy: Proxy(), setWindowRect: true, strictFileInteractability: false, timeouts: {implicit: 0, pageLoad: 300000, script: 30000}, unhandledPromptBehavior: dismiss and notify}
Session ID: 58bcffe7e1d87809cbeec1a920feca13
*** Element info: {Using=id, value=contact_reply}&#13;
	at java.base/jdk.internal.reflect.NativeConstructorAccessorImpl.newInstance0(Native Method)&#13;
	at java.base/jdk.internal.reflect.NativeConstructorAccessorImpl.newInstance(NativeConstructorAccessorImpl.java:62)&#13;
	at java.base/jdk.internal.reflect.DelegatingConstructorAccessorImpl.newInstance(DelegatingConstructorAccessorImpl.java:45)&#13;
	at java.base/java.lang.reflect.Constructor.newInstanceWithCaller(Constructor.java:500)&#13;
	at java.base/java.lang.reflect.Constructor.newInstance(Constructor.java:481)&#13;
	at org.openqa.selenium.remote.http.W3CHttpResponseCodec.createException(W3CHttpResponseCodec.java:187)&#13;
	at org.openqa.selenium.remote.http.W3CHttpResponseCodec.decode(W3CHttpResponseCodec.java:122)&#13;
	at org.openqa.selenium.remote.http.W3CHttpResponseCodec.decode(W3CHttpResponseCodec.java:49)&#13;
	at org.openqa.selenium.remote.HttpCommandExecutor.execute(HttpCommandExecutor.java:160)&#13;
	at org.openqa.selenium.remote.service.DriverCommandExecutor.execute(DriverCommandExecutor.java:83)&#13;
	at org.openqa.selenium.remote.RemoteWebDriver.execute(RemoteWebDriver.java:601)&#13;
	at org.openqa.selenium.remote.RemoteWebDriver.findElement(RemoteWebDriver.java:371)&#13;
	at org.openqa.selenium.remote.RemoteWebDriver.findElementById(RemoteWebDriver.java:417)&#13;
	at org.openqa.selenium.By$ById.findElement(By.java:218)&#13;
	at org.openqa.selenium.remote.RemoteWebDriver.findElement(RemoteWebDriver.java:363)&#13;
	at CucumberFramework.Steps.ContactUs.confirmation(ContactUs.java:84)&#13;
	at ✽.Then confirmation(ContactUs.feature:36)&#13;
&#13;
</error>
        <testcase name="Given I access webdriveruniversity1" classname="Scenario: Reset information using the contact us form" time="3.135"/>
        <testcase name="When I click on the contact1" classname="Scenario: Reset information using the contact us form" time="4.692"/>
        <testcase name="And I enter first name1" classname="Scenario: Reset information using the contact us form" time="0.191"/>
        <testcase name="And I enter last name1" classname="Scenario: Reset information using the contact us form" time="0.281"/>
        <testcase name="And I enter an email address1" classname="Scenario: Reset information using the contact us form" time="0.268"/>
        <testcase name="And I enter comments1" classname="Scenario: Reset information using the contact us form" time="0.117"/>
        <testcase name="And I click on the reset button" classname="Scenario: Reset information using the contact us form" time="0.069"/>
        <testcase name="Then confirmation" classname="Scenario: Reset information using the contact us form" time="0.011">
          <error>org.openqa.selenium.NoSuchElementException: no such element: Unable to locate element: {"method":"css selector","selector":"#contact_reply"}
  (Session info: chrome=81.0.4044.113)
For documentation on this error, please visit: http://seleniumhq.org/exceptions/no_such_element.html
Build info: version: '3.9.0', revision: '698b3178f0', time: '2018-02-05T14:56:13.134Z'
System info: host: 'EPPLKATW0255', ip: '192.168.1.12', os.name: 'Windows 10', os.arch: 'amd64', os.version: '10.0', java.version: '14'
Driver info: org.openqa.selenium.chrome.ChromeDriver
Capabilities {acceptInsecureCerts: false, browserName: chrome, browserVersion: 81.0.4044.113, chrome: {chromedriverVersion: 80.0.3987.106 (f68069574609..., userDataDir: C:\Users\LUIS_M~1\AppData\L...}, goog:chromeOptions: {debuggerAddress: localhost:49204}, javascriptEnabled: true, networkConnectionEnabled: false, pageLoadStrategy: normal, platform: WINDOWS, platformName: WINDOWS, proxy: Proxy(), setWindowRect: true, strictFileInteractability: false, timeouts: {implicit: 0, pageLoad: 300000, script: 30000}, unhandledPromptBehavior: dismiss and notify}
Session ID: 58bcffe7e1d87809cbeec1a920feca13
*** Element info: {Using=id, value=contact_reply}&#13;
	at java.base/jdk.internal.reflect.NativeConstructorAccessorImpl.newInstance0(Native Method)&#13;
	at java.base/jdk.internal.reflect.NativeConstructorAccessorImpl.newInstance(NativeConstructorAccessorImpl.java:62)&#13;
	at java.base/jdk.internal.reflect.DelegatingConstructorAccessorImpl.newInstance(DelegatingConstructorAccessorImpl.java:45)&#13;
	at java.base/java.lang.reflect.Constructor.newInstanceWithCaller(Constructor.java:500)&#13;
	at java.base/java.lang.reflect.Constructor.newInstance(Constructor.java:481)&#13;
	at org.openqa.selenium.remote.http.W3CHttpResponseCodec.createException(W3CHttpResponseCodec.java:187)&#13;
	at org.openqa.selenium.remote.http.W3CHttpResponseCodec.decode(W3CHttpResponseCodec.java:122)&#13;
	at org.openqa.selenium.remote.http.W3CHttpResponseCodec.decode(W3CHttpResponseCodec.java:49)&#13;
	at org.openqa.selenium.remote.HttpCommandExecutor.execute(HttpCommandExecutor.java:160)&#13;
	at org.openqa.selenium.remote.service.DriverCommandExecutor.execute(DriverCommandExecutor.java:83)&#13;
	at org.openqa.selenium.remote.RemoteWebDriver.execute(RemoteWebDriver.java:601)&#13;
	at org.openqa.selenium.remote.RemoteWebDriver.findElement(RemoteWebDriver.java:371)&#13;
	at org.openqa.selenium.remote.RemoteWebDriver.findElementById(RemoteWebDriver.java:417)&#13;
	at org.openqa.selenium.By$ById.findElement(By.java:218)&#13;
	at org.openqa.selenium.remote.RemoteWebDriver.findElement(RemoteWebDriver.java:363)&#13;
	at CucumberFramework.Steps.ContactUs.confirmation(ContactUs.java:84)&#13;
	at ✽.Then confirmation(ContactUs.feature:36)&#13;
&#13;
</error>
        </testcase>
      </testsuite>
    </testsuite>
    <testsuite name="Feature: Login to account at webdriveruniversity.com using login portal" time="24.15">
      <testsuite name="Scenario: Login to account correct password" time="5.079">
        <testcase name="Given I access webdriveruniversity" classname="Scenario: Login to account correct password" time="0.213"/>
        <testcase name="When I click on the login portal button" classname="Scenario: Login to account correct password" time="4.495"/>
        <testcase name="And I enter username" classname="Scenario: Login to account correct password" time="0.212"/>
        <testcase name="And I enter a &quot;webdriver123&quot; password" classname="Scenario: Login to account correct password" time="0.146"/>
        <testcase name="When I click on the login button" classname="Scenario: Login to account correct password" time="0.013"/>
        <testcase name="Then I should be presented wit a successful validation alert" classname="Scenario: Login to account correct password" time="0.0"/>
      </testsuite>
      <testsuite name="Scenario: Login to account with a invalid password" time="7.531">
        <testcase name="Given I access webdriveruniversity" classname="Scenario: Login to account with a invalid password" time="0.245"/>
        <testcase name="When I click on the login portal button" classname="Scenario: Login to account with a invalid password" time="4.484"/>
        <testcase name="And I enter username" classname="Scenario: Login to account with a invalid password" time="0.364"/>
        <testcase name="And I enter a &quot;invalid&quot; password" classname="Scenario: Login to account with a invalid password" time="0.208"/>
        <testcase name="When I click on the login button" classname="Scenario: Login to account with a invalid password" time="0.034"/>
        <testcase name="Then I should be presented with a unsuccessful validation alert" classname="Scenario: Login to account with a invalid password" time="2.196"/>
      </testsuite>
    </testsuite>
  </testsuite>
</testrun>
