<?xml version="1.0" encoding="UTF-8"?><testrun name="MainRunner (1)" project="WebDriverUniversity" tests="36" started="36" failures="0" errors="4" ignored="0">
  <testsuite name="CucumberFramework.runner.MainRunner" time="102.111">
    <testsuite name="Feature: Submit data to webdriveruniversity.com using contact us form" time="50.42">
      <testsuite name="Scenario: Submit information using the contact us form" time="10.209">
        <testcase name="Given I access webdriveruniversity1" classname="Scenario: Submit information using the contact us form" time="3.454"/>
        <testcase name="When I click on the contact1" classname="Scenario: Submit information using the contact us form" time="4.29"/>
        <testcase name="And I enter first name1" classname="Scenario: Submit information using the contact us form" time="0.118"/>
        <testcase name="And I enter last name1" classname="Scenario: Submit information using the contact us form" time="0.179"/>
        <testcase name="And I enter an email address1" classname="Scenario: Submit information using the contact us form" time="0.313"/>
        <testcase name="And I enter comments using data table" classname="Scenario: Submit information using the contact us form" time="0.979"/>
        <testcase name="And I click on the submit button1" classname="Scenario: Submit information using the contact us form" time="0.138"/>
        <testcase name="Then confirmation" classname="Scenario: Submit information using the contact us form" time="0.736"/>
      </testsuite>
      <testsuite name="Scenario: Submit invalid information using the contact us form" time="9.739">
        <testcase name="Given I access webdriveruniversity1" classname="Scenario: Submit invalid information using the contact us form" time="3.455"/>
        <testcase name="When I click on the contact1" classname="Scenario: Submit invalid information using the contact us form" time="4.256"/>
        <testcase name="And I enter first name1" classname="Scenario: Submit invalid information using the contact us form" time="0.117"/>
        <testcase name="And I enter last name1" classname="Scenario: Submit invalid information using the contact us form" time="0.132"/>
        <testcase name="And I enter an email address2" classname="Scenario: Submit invalid information using the contact us form" time="0.254"/>
        <testcase name="And I enter comments1" classname="Scenario: Submit invalid information using the contact us form" time="0.672"/>
        <testcase name="And I click on the submit button1" classname="Scenario: Submit invalid information using the contact us form" time="0.14"/>
        <testcase name="Then invalid confirmation" classname="Scenario: Submit invalid information using the contact us form" time="0.713"/>
      </testsuite>
      <testsuite name="Scenario: Reset information using Reset button on the contact us form" time="9.213">
        <testcase name="Given I access webdriveruniversity1" classname="Scenario: Reset information using Reset button on the contact us form" time="3.355"/>
        <testcase name="When I click on the contact1" classname="Scenario: Reset information using Reset button on the contact us form" time="4.28"/>
        <testcase name="And I enter first name1" classname="Scenario: Reset information using Reset button on the contact us form" time="0.106"/>
        <testcase name="And I enter last name1" classname="Scenario: Reset information using Reset button on the contact us form" time="0.166"/>
        <testcase name="And I enter an email address1" classname="Scenario: Reset information using Reset button on the contact us form" time="0.24"/>
        <testcase name="And I enter comments1" classname="Scenario: Reset information using Reset button on the contact us form" time="0.106"/>
        <testcase name="And I click on the reset button" classname="Scenario: Reset information using Reset button on the contact us form" time="0.228"/>
        <testcase name="Then empty confirmation" classname="Scenario: Reset information using Reset button on the contact us form" time="0.731"/>
      </testsuite>
    </testsuite>
    <testsuite name="Feature: Login to account at webdriveruniversity.com using login portal" time="30.954">
      <testsuite name="Scenario: Login to account correct password" time="4.919" incomplete="true">
        <error>java.lang.NullPointerException: null value in entry: handle=null&#13;
	at com.google.common.collect.CollectPreconditions.checkEntryNotNull(CollectPreconditions.java:32)&#13;
	at com.google.common.collect.SingletonImmutableBiMap.&lt;init&gt;(SingletonImmutableBiMap.java:42)&#13;
	at com.google.common.collect.ImmutableBiMap.of(ImmutableBiMap.java:70)&#13;
	at com.google.common.collect.ImmutableMap.of(ImmutableMap.java:123)&#13;
	at org.openqa.selenium.remote.RemoteWebDriver$RemoteTargetLocator.window(RemoteWebDriver.java:958)&#13;
	at CucumberFramework.Steps.LoginStep.i_should_be_presented_wit_a_successful_validation_alert(LoginStep.java:65)&#13;
	at ✽.Then I should be presented wit a successful validation alert(Login.feature:11)&#13;
&#13;
</error>
        <testcase name="Given I access webdriveruniversity" classname="Scenario: Login to account correct password" time="0.276"/>
        <testcase name="When I click on the login portal button" classname="Scenario: Login to account correct password" time="4.229"/>
        <testcase name="And I enter username" classname="Scenario: Login to account correct password" time="0.197"/>
        <testcase name="And I enter a &quot;webdriver123&quot; password" classname="Scenario: Login to account correct password" time="0.105"/>
        <testcase name="When I click on the login button" classname="Scenario: Login to account correct password" time="0.104"/>
        <testcase name="Then I should be presented wit a successful validation alert" classname="Scenario: Login to account correct password" time="0.007">
          <error>java.lang.NullPointerException: null value in entry: handle=null&#13;
	at com.google.common.collect.CollectPreconditions.checkEntryNotNull(CollectPreconditions.java:32)&#13;
	at com.google.common.collect.SingletonImmutableBiMap.&lt;init&gt;(SingletonImmutableBiMap.java:42)&#13;
	at com.google.common.collect.ImmutableBiMap.of(ImmutableBiMap.java:70)&#13;
	at com.google.common.collect.ImmutableMap.of(ImmutableMap.java:123)&#13;
	at org.openqa.selenium.remote.RemoteWebDriver$RemoteTargetLocator.window(RemoteWebDriver.java:958)&#13;
	at CucumberFramework.Steps.LoginStep.i_should_be_presented_wit_a_successful_validation_alert(LoginStep.java:65)&#13;
	at ✽.Then I should be presented wit a successful validation alert(Login.feature:11)&#13;
&#13;
</error>
        </testcase>
      </testsuite>
      <testsuite name="Scenario: Login to account with a invalid password" time="4.791" incomplete="true">
        <error>java.lang.NullPointerException: null value in entry: handle=null&#13;
	at com.google.common.collect.CollectPreconditions.checkEntryNotNull(CollectPreconditions.java:32)&#13;
	at com.google.common.collect.SingletonImmutableBiMap.&lt;init&gt;(SingletonImmutableBiMap.java:42)&#13;
	at com.google.common.collect.ImmutableBiMap.of(ImmutableBiMap.java:70)&#13;
	at com.google.common.collect.ImmutableMap.of(ImmutableMap.java:123)&#13;
	at org.openqa.selenium.remote.RemoteWebDriver$RemoteTargetLocator.window(RemoteWebDriver.java:958)&#13;
	at CucumberFramework.Steps.LoginStep.i_should_be_presented_wit_a_unsuccessful_validation_alert(LoginStep.java:75)&#13;
	at ✽.Then I should be presented with a unsuccessful validation alert(Login.feature:16)&#13;
&#13;
</error>
        <testcase name="Given I access webdriveruniversity" classname="Scenario: Login to account with a invalid password" time="0.204"/>
        <testcase name="When I click on the login portal button" classname="Scenario: Login to account with a invalid password" time="4.235"/>
        <testcase name="And I enter username" classname="Scenario: Login to account with a invalid password" time="0.152"/>
        <testcase name="And I enter a &quot;invalid&quot; password" classname="Scenario: Login to account with a invalid password" time="0.105"/>
        <testcase name="When I click on the login button" classname="Scenario: Login to account with a invalid password" time="0.095"/>
        <testcase name="Then I should be presented with a unsuccessful validation alert" classname="Scenario: Login to account with a invalid password" time="0.0">
          <error>java.lang.NullPointerException: null value in entry: handle=null&#13;
	at com.google.common.collect.CollectPreconditions.checkEntryNotNull(CollectPreconditions.java:32)&#13;
	at com.google.common.collect.SingletonImmutableBiMap.&lt;init&gt;(SingletonImmutableBiMap.java:42)&#13;
	at com.google.common.collect.ImmutableBiMap.of(ImmutableBiMap.java:70)&#13;
	at com.google.common.collect.ImmutableMap.of(ImmutableMap.java:123)&#13;
	at org.openqa.selenium.remote.RemoteWebDriver$RemoteTargetLocator.window(RemoteWebDriver.java:958)&#13;
	at CucumberFramework.Steps.LoginStep.i_should_be_presented_wit_a_unsuccessful_validation_alert(LoginStep.java:75)&#13;
	at ✽.Then I should be presented with a unsuccessful validation alert(Login.feature:16)&#13;
&#13;
</error>
        </testcase>
      </testsuite>
    </testsuite>
  </testsuite>
</testrun>
