<?xml version="1.0" encoding="UTF-8"?><testrun name="MainRunner (1)" project="WebDriverUniversity" tests="36" started="8" failures="0" errors="2" ignored="8">
  <testsuite name="CucumberFramework.runner.MainRunner" incomplete="true">
    <testsuite name="Feature: Submit data to webdriveruniversity.com using contact us form" incomplete="true">
      <testsuite name="Scenario: Submit information using the contact us form" time="0.587" incomplete="true">
        <error>org.openqa.selenium.WebDriverException: java.net.SocketTimeoutException: Read timed out
Build info: version: '3.9.0', revision: '698b3178f0', time: '2018-02-05T14:56:13.134Z'
System info: host: 'EPPLKATW0255', ip: '192.168.1.12', os.name: 'Windows 10', os.arch: 'amd64', os.version: '10.0', java.version: '14'
Driver info: driver.version: ChromeDriver&#13;
	at org.openqa.selenium.remote.service.DriverCommandExecutor.execute(DriverCommandExecutor.java:92)&#13;
	at org.openqa.selenium.remote.RemoteWebDriver.execute(RemoteWebDriver.java:601)&#13;
	at org.openqa.selenium.remote.RemoteWebDriver.startSession(RemoteWebDriver.java:219)&#13;
	at org.openqa.selenium.remote.RemoteWebDriver.&lt;init&gt;(RemoteWebDriver.java:142)&#13;
	at org.openqa.selenium.chrome.ChromeDriver.&lt;init&gt;(ChromeDriver.java:181)&#13;
	at org.openqa.selenium.chrome.ChromeDriver.&lt;init&gt;(ChromeDriver.java:168)&#13;
	at org.openqa.selenium.chrome.ChromeDriver.&lt;init&gt;(ChromeDriver.java:123)&#13;
	at CucumberFramework.Steps.LoginStep.startBrowser(LoginStep.java:26)&#13;
	at java.base/jdk.internal.reflect.NativeMethodAccessorImpl.invoke0(Native Method)&#13;
	at java.base/jdk.internal.reflect.NativeMethodAccessorImpl.invoke(NativeMethodAccessorImpl.java:62)&#13;
	at java.base/jdk.internal.reflect.DelegatingMethodAccessorImpl.invoke(DelegatingMethodAccessorImpl.java:43)&#13;
	at java.base/java.lang.reflect.Method.invoke(Method.java:564)&#13;
	at cucumber.runtime.Utils$1.call(Utils.java:40)&#13;
	at cucumber.runtime.Timeout.timeout(Timeout.java:16)&#13;
	at cucumber.runtime.Utils.invoke(Utils.java:34)&#13;
	at cucumber.runtime.java.JavaHookDefinition.execute(JavaHookDefinition.java:60)&#13;
	at cucumber.runtime.Runtime.runHookIfTagsMatch(Runtime.java:224)&#13;
	at cucumber.runtime.Runtime.runHooks(Runtime.java:212)&#13;
	at cucumber.runtime.Runtime.runBeforeHooks(Runtime.java:202)&#13;
	at cucumber.runtime.model.CucumberScenario.run(CucumberScenario.java:40)&#13;
	at cucumber.runtime.junit.ExecutionUnitRunner.run(ExecutionUnitRunner.java:102)&#13;
	at cucumber.runtime.junit.FeatureRunner.runChild(FeatureRunner.java:63)&#13;
	at cucumber.runtime.junit.FeatureRunner.runChild(FeatureRunner.java:18)&#13;
	at org.junit.runners.ParentRunner$3.run(ParentRunner.java:238)&#13;
	at org.junit.runners.ParentRunner$1.schedule(ParentRunner.java:63)&#13;
	at org.junit.runners.ParentRunner.runChildren(ParentRunner.java:236)&#13;
	at org.junit.runners.ParentRunner.access$000(ParentRunner.java:53)&#13;
	at org.junit.runners.ParentRunner$2.evaluate(ParentRunner.java:229)&#13;
	at org.junit.runners.ParentRunner.run(ParentRunner.java:309)&#13;
	at cucumber.runtime.junit.FeatureRunner.run(FeatureRunner.java:70)&#13;
	at cucumber.api.junit.Cucumber.runChild(Cucumber.java:95)&#13;
	at cucumber.api.junit.Cucumber.runChild(Cucumber.java:38)&#13;
	at org.junit.runners.ParentRunner$3.run(ParentRunner.java:238)&#13;
	at org.junit.runners.ParentRunner$1.schedule(ParentRunner.java:63)&#13;
	at org.junit.runners.ParentRunner.runChildren(ParentRunner.java:236)&#13;
	at org.junit.runners.ParentRunner.access$000(ParentRunner.java:53)&#13;
	at org.junit.runners.ParentRunner$2.evaluate(ParentRunner.java:229)&#13;
	at org.junit.runners.ParentRunner.run(ParentRunner.java:309)&#13;
	at cucumber.api.junit.Cucumber.run(Cucumber.java:100)&#13;
	at org.eclipse.jdt.internal.junit4.runner.JUnit4TestReference.run(JUnit4TestReference.java:89)&#13;
	at org.eclipse.jdt.internal.junit.runner.TestExecution.run(TestExecution.java:41)&#13;
	at org.eclipse.jdt.internal.junit.runner.RemoteTestRunner.runTests(RemoteTestRunner.java:542)&#13;
	at org.eclipse.jdt.internal.junit.runner.RemoteTestRunner.runTests(RemoteTestRunner.java:770)&#13;
	at org.eclipse.jdt.internal.junit.runner.RemoteTestRunner.run(RemoteTestRunner.java:464)&#13;
	at org.eclipse.jdt.internal.junit.runner.RemoteTestRunner.main(RemoteTestRunner.java:210)&#13;
Caused by: java.net.SocketTimeoutException: Read timed out&#13;
	at java.base/sun.nio.ch.NioSocketImpl.timedRead(NioSocketImpl.java:283)&#13;
	at java.base/sun.nio.ch.NioSocketImpl.implRead(NioSocketImpl.java:309)&#13;
	at java.base/sun.nio.ch.NioSocketImpl.read(NioSocketImpl.java:350)&#13;
	at java.base/sun.nio.ch.NioSocketImpl$1.read(NioSocketImpl.java:803)&#13;
	at java.base/java.net.Socket$SocketInputStream.read(Socket.java:982)&#13;
	at okio.Okio$2.read(Okio.java:139)&#13;
	at okio.AsyncTimeout$2.read(AsyncTimeout.java:237)&#13;
	at okio.RealBufferedSource.indexOf(RealBufferedSource.java:345)&#13;
	at okio.RealBufferedSource.readUtf8LineStrict(RealBufferedSource.java:217)&#13;
	at okhttp3.internal.http1.Http1Codec.readHeaderLine(Http1Codec.java:212)&#13;
	at okhttp3.internal.http1.Http1Codec.readResponseHeaders(Http1Codec.java:189)&#13;
	at okhttp3.internal.http.CallServerInterceptor.intercept(CallServerInterceptor.java:88)&#13;
	at okhttp3.internal.http.RealInterceptorChain.proceed(RealInterceptorChain.java:147)&#13;
	at okhttp3.internal.connection.ConnectInterceptor.intercept(ConnectInterceptor.java:45)&#13;
	at okhttp3.internal.http.RealInterceptorChain.proceed(RealInterceptorChain.java:147)&#13;
	at okhttp3.internal.http.RealInterceptorChain.proceed(RealInterceptorChain.java:121)&#13;
	at okhttp3.internal.cache.CacheInterceptor.intercept(CacheInterceptor.java:93)&#13;
	at okhttp3.internal.http.RealInterceptorChain.proceed(RealInterceptorChain.java:147)&#13;
	at okhttp3.internal.http.RealInterceptorChain.proceed(RealInterceptorChain.java:121)&#13;
	at okhttp3.internal.http.BridgeInterceptor.intercept(BridgeInterceptor.java:93)&#13;
	at okhttp3.internal.http.RealInterceptorChain.proceed(RealInterceptorChain.java:147)&#13;
	at okhttp3.internal.http.RetryAndFollowUpInterceptor.intercept(RetryAndFollowUpInterceptor.java:125)&#13;
	at okhttp3.internal.http.RealInterceptorChain.proceed(RealInterceptorChain.java:147)&#13;
	at okhttp3.internal.http.RealInterceptorChain.proceed(RealInterceptorChain.java:121)&#13;
	at okhttp3.RealCall.getResponseWithInterceptorChain(RealCall.java:200)&#13;
	at okhttp3.RealCall.execute(RealCall.java:77)&#13;
	at org.openqa.selenium.remote.internal.OkHttpClient.execute(OkHttpClient.java:97)&#13;
	at org.openqa.selenium.remote.internal.OkHttpClient.execute(OkHttpClient.java:47)&#13;
	at org.openqa.selenium.remote.ProtocolHandshake.createSession(ProtocolHandshake.java:101)&#13;
	at org.openqa.selenium.remote.ProtocolHandshake.createSession(ProtocolHandshake.java:73)&#13;
	at org.openqa.selenium.remote.HttpCommandExecutor.execute(HttpCommandExecutor.java:138)&#13;
	at org.openqa.selenium.remote.service.DriverCommandExecutor.execute(DriverCommandExecutor.java:83)&#13;
	... 44 more&#13;
&#13;
java.lang.NullPointerException&#13;
	at CucumberFramework.Steps.LoginStep.tearDown(LoginStep.java:34)&#13;
	at java.base/jdk.internal.reflect.NativeMethodAccessorImpl.invoke0(Native Method)&#13;
	at java.base/jdk.internal.reflect.NativeMethodAccessorImpl.invoke(NativeMethodAccessorImpl.java:62)&#13;
	at java.base/jdk.internal.reflect.DelegatingMethodAccessorImpl.invoke(DelegatingMethodAccessorImpl.java:43)&#13;
	at java.base/java.lang.reflect.Method.invoke(Method.java:564)&#13;
	at cucumber.runtime.Utils$1.call(Utils.java:40)&#13;
	at cucumber.runtime.Timeout.timeout(Timeout.java:16)&#13;
	at cucumber.runtime.Utils.invoke(Utils.java:34)&#13;
	at cucumber.runtime.java.JavaHookDefinition.execute(JavaHookDefinition.java:60)&#13;
	at cucumber.runtime.Runtime.runHookIfTagsMatch(Runtime.java:224)&#13;
	at cucumber.runtime.Runtime.runHooks(Runtime.java:212)&#13;
	at cucumber.runtime.Runtime.runAfterHooks(Runtime.java:206)&#13;
	at cucumber.runtime.model.CucumberScenario.run(CucumberScenario.java:46)&#13;
	at cucumber.runtime.junit.ExecutionUnitRunner.run(ExecutionUnitRunner.java:102)&#13;
	at cucumber.runtime.junit.FeatureRunner.runChild(FeatureRunner.java:63)&#13;
	at cucumber.runtime.junit.FeatureRunner.runChild(FeatureRunner.java:18)&#13;
	at org.junit.runners.ParentRunner$3.run(ParentRunner.java:238)&#13;
	at org.junit.runners.ParentRunner$1.schedule(ParentRunner.java:63)&#13;
	at org.junit.runners.ParentRunner.runChildren(ParentRunner.java:236)&#13;
	at org.junit.runners.ParentRunner.access$000(ParentRunner.java:53)&#13;
	at org.junit.runners.ParentRunner$2.evaluate(ParentRunner.java:229)&#13;
	at org.junit.runners.ParentRunner.run(ParentRunner.java:309)&#13;
	at cucumber.runtime.junit.FeatureRunner.run(FeatureRunner.java:70)&#13;
	at cucumber.api.junit.Cucumber.runChild(Cucumber.java:95)&#13;
	at cucumber.api.junit.Cucumber.runChild(Cucumber.java:38)&#13;
	at org.junit.runners.ParentRunner$3.run(ParentRunner.java:238)&#13;
	at org.junit.runners.ParentRunner$1.schedule(ParentRunner.java:63)&#13;
	at org.junit.runners.ParentRunner.runChildren(ParentRunner.java:236)&#13;
	at org.junit.runners.ParentRunner.access$000(ParentRunner.java:53)&#13;
	at org.junit.runners.ParentRunner$2.evaluate(ParentRunner.java:229)&#13;
	at org.junit.runners.ParentRunner.run(ParentRunner.java:309)&#13;
	at cucumber.api.junit.Cucumber.run(Cucumber.java:100)&#13;
	at org.eclipse.jdt.internal.junit4.runner.JUnit4TestReference.run(JUnit4TestReference.java:89)&#13;
	at org.eclipse.jdt.internal.junit.runner.TestExecution.run(TestExecution.java:41)&#13;
	at org.eclipse.jdt.internal.junit.runner.RemoteTestRunner.runTests(RemoteTestRunner.java:542)&#13;
	at org.eclipse.jdt.internal.junit.runner.RemoteTestRunner.runTests(RemoteTestRunner.java:770)&#13;
	at org.eclipse.jdt.internal.junit.runner.RemoteTestRunner.run(RemoteTestRunner.java:464)&#13;
	at org.eclipse.jdt.internal.junit.runner.RemoteTestRunner.main(RemoteTestRunner.java:210)&#13;
&#13;
</error>
        <testcase name="Given I access webdriveruniversity1" classname="Scenario: Submit information using the contact us form" time="0.007" ignored="true"/>
        <testcase name="When I click on the contact1" classname="Scenario: Submit information using the contact us form" time="0.008" ignored="true"/>
        <testcase name="And I enter first name1" classname="Scenario: Submit information using the contact us form" time="0.001" ignored="true"/>
        <testcase name="And I enter last name1" classname="Scenario: Submit information using the contact us form" time="0.002" ignored="true"/>
        <testcase name="And I enter an email address1" classname="Scenario: Submit information using the contact us form" time="0.003" ignored="true"/>
        <testcase name="And I enter comments using data table" classname="Scenario: Submit information using the contact us form" time="0.001" ignored="true"/>
        <testcase name="And I click on the submit button1" classname="Scenario: Submit information using the contact us form" time="0.001" ignored="true"/>
        <testcase name="Then confirmation" classname="Scenario: Submit information using the contact us form" time="0.564" ignored="true"/>
      </testsuite>
      <testsuite name="Scenario: Submit invalid information using the contact us form" incomplete="true">
        <testcase name="Given I access webdriveruniversity1" classname="Scenario: Submit invalid information using the contact us form" incomplete="true"/>
        <testcase name="When I click on the contact1" classname="Scenario: Submit invalid information using the contact us form" incomplete="true"/>
        <testcase name="And I enter first name1" classname="Scenario: Submit invalid information using the contact us form" incomplete="true"/>
        <testcase name="And I enter last name1" classname="Scenario: Submit invalid information using the contact us form" incomplete="true"/>
        <testcase name="And I enter an email address2" classname="Scenario: Submit invalid information using the contact us form" incomplete="true"/>
        <testcase name="And I enter comments1" classname="Scenario: Submit invalid information using the contact us form" incomplete="true"/>
        <testcase name="And I click on the submit button1" classname="Scenario: Submit invalid information using the contact us form" incomplete="true"/>
        <testcase name="Then invalid confirmation" classname="Scenario: Submit invalid information using the contact us form" incomplete="true"/>
      </testsuite>
      <testsuite name="Scenario: Reset information using Reset button on the contact us form" incomplete="true">
        <testcase name="Given I access webdriveruniversity1" classname="Scenario: Reset information using Reset button on the contact us form" incomplete="true"/>
        <testcase name="When I click on the contact1" classname="Scenario: Reset information using Reset button on the contact us form" incomplete="true"/>
        <testcase name="And I enter first name1" classname="Scenario: Reset information using Reset button on the contact us form" incomplete="true"/>
        <testcase name="And I enter last name1" classname="Scenario: Reset information using Reset button on the contact us form" incomplete="true"/>
        <testcase name="And I enter an email address1" classname="Scenario: Reset information using Reset button on the contact us form" incomplete="true"/>
        <testcase name="And I enter comments1" classname="Scenario: Reset information using Reset button on the contact us form" incomplete="true"/>
        <testcase name="And I click on the reset button" classname="Scenario: Reset information using Reset button on the contact us form" incomplete="true"/>
        <testcase name="Then empty confirmation" classname="Scenario: Reset information using Reset button on the contact us form" incomplete="true"/>
      </testsuite>
    </testsuite>
    <testsuite name="Feature: Login to account at webdriveruniversity.com using login portal" incomplete="true">
      <testsuite name="Scenario: Login to account correct password" incomplete="true">
        <testcase name="Given I access webdriveruniversity" classname="Scenario: Login to account correct password" incomplete="true"/>
        <testcase name="When I click on the login portal button" classname="Scenario: Login to account correct password" incomplete="true"/>
        <testcase name="And I enter username" classname="Scenario: Login to account correct password" incomplete="true"/>
        <testcase name="And I enter a &quot;webdriver123&quot; password" classname="Scenario: Login to account correct password" incomplete="true"/>
        <testcase name="When I click on the login button" classname="Scenario: Login to account correct password" incomplete="true"/>
        <testcase name="Then I should be presented wit a successful validation alert" classname="Scenario: Login to account correct password" incomplete="true"/>
      </testsuite>
      <testsuite name="Scenario: Login to account with a invalid password" incomplete="true">
        <testcase name="Given I access webdriveruniversity" classname="Scenario: Login to account with a invalid password" incomplete="true"/>
        <testcase name="When I click on the login portal button" classname="Scenario: Login to account with a invalid password" incomplete="true"/>
        <testcase name="And I enter username" classname="Scenario: Login to account with a invalid password" incomplete="true"/>
        <testcase name="And I enter a &quot;invalid&quot; password" classname="Scenario: Login to account with a invalid password" incomplete="true"/>
        <testcase name="When I click on the login button" classname="Scenario: Login to account with a invalid password" incomplete="true"/>
        <testcase name="Then I should be presented with a unsuccessful validation alert" classname="Scenario: Login to account with a invalid password" incomplete="true"/>
      </testsuite>
    </testsuite>
  </testsuite>
</testrun>
