<?xml version="1.0" encoding="UTF-8"?><testrun name="MainRunner (1)" project="WebDriverUniversity" tests="36" started="36" failures="2" errors="0" ignored="0">
  <testsuite name="CucumberFramework.runner.MainRunner" time="73.286">
    <testsuite name="Feature: Submit data to webdriveruniversity.com using contact us form" time="43.962">
      <testsuite name="Scenario: Submit information using the contact us form" time="8.151">
        <testcase name="Given I access webdriveruniversity1" classname="Scenario: Submit information using the contact us form" time="3.106"/>
        <testcase name="When I click on the contact1" classname="Scenario: Submit information using the contact us form" time="4.153"/>
        <testcase name="And I enter first name1" classname="Scenario: Submit information using the contact us form" time="0.058"/>
        <testcase name="And I enter last name1" classname="Scenario: Submit information using the contact us form" time="0.074"/>
        <testcase name="And I enter an email address1" classname="Scenario: Submit information using the contact us form" time="0.074"/>
        <testcase name="And I enter comments1" classname="Scenario: Submit information using the contact us form" time="0.655"/>
        <testcase name="And I click on the submit button1" classname="Scenario: Submit information using the contact us form" time="0.031"/>
        <testcase name="Then confirmation" classname="Scenario: Submit information using the contact us form" time="0.0"/>
      </testsuite>
      <testsuite name="Scenario: Submit invalid information using the contact us form" time="7.98">
        <testcase name="Given I access webdriveruniversity1" classname="Scenario: Submit invalid information using the contact us form" time="3.102"/>
        <testcase name="When I click on the contact1" classname="Scenario: Submit invalid information using the contact us form" time="4.168"/>
        <testcase name="And I enter first name1" classname="Scenario: Submit invalid information using the contact us form" time="0.058"/>
        <testcase name="And I enter last name1" classname="Scenario: Submit invalid information using the contact us form" time="0.056"/>
        <testcase name="And I enter an email address2" classname="Scenario: Submit invalid information using the contact us form" time="0.072"/>
        <testcase name="And I enter comments1" classname="Scenario: Submit invalid information using the contact us form" time="0.494"/>
        <testcase name="And I click on the submit button1" classname="Scenario: Submit invalid information using the contact us form" time="0.028"/>
        <testcase name="Then invalid confirmation" classname="Scenario: Submit invalid information using the contact us form" time="0.001"/>
      </testsuite>
      <testsuite name="Scenario: Reset information using the contact us form" time="7.667" incomplete="true">
        <failure>java.lang.AssertionError: Field is not empy&#13;
	at org.junit.Assert.fail(Assert.java:88)&#13;
	at org.junit.Assert.assertTrue(Assert.java:41)&#13;
	at org.junit.Assert.assertFalse(Assert.java:64)&#13;
	at CucumberFramework.Steps.ContactUs.empty_confirmartion(ContactUs.java:110)&#13;
	at ✽.Then empty confirmation(ContactUs.feature:36)&#13;
&#13;
</failure>
        <testcase name="Given I access webdriveruniversity1" classname="Scenario: Reset information using the contact us form" time="3.096"/>
        <testcase name="When I click on the contact1" classname="Scenario: Reset information using the contact us form" time="4.153"/>
        <testcase name="And I enter first name1" classname="Scenario: Reset information using the contact us form" time="0.06"/>
        <testcase name="And I enter last name1" classname="Scenario: Reset information using the contact us form" time="0.085"/>
        <testcase name="And I enter an email address1" classname="Scenario: Reset information using the contact us form" time="0.072"/>
        <testcase name="And I enter comments1" classname="Scenario: Reset information using the contact us form" time="0.124"/>
        <testcase name="And I click on the reset button" classname="Scenario: Reset information using the contact us form" time="0.075"/>
        <testcase name="Then empty confirmation" classname="Scenario: Reset information using the contact us form" time="0.002">
          <failure>java.lang.AssertionError: Field is not empy&#13;
	at org.junit.Assert.fail(Assert.java:88)&#13;
	at org.junit.Assert.assertTrue(Assert.java:41)&#13;
	at org.junit.Assert.assertFalse(Assert.java:64)&#13;
	at CucumberFramework.Steps.ContactUs.empty_confirmartion(ContactUs.java:110)&#13;
	at ✽.Then empty confirmation(ContactUs.feature:36)&#13;
&#13;
</failure>
        </testcase>
      </testsuite>
    </testsuite>
    <testsuite name="Feature: Login to account at webdriveruniversity.com using login portal" time="19.286">
      <testsuite name="Scenario: Login to account correct password" time="4.439">
        <testcase name="Given I access webdriveruniversity" classname="Scenario: Login to account correct password" time="0.135"/>
        <testcase name="When I click on the login portal button" classname="Scenario: Login to account correct password" time="4.16"/>
        <testcase name="And I enter username" classname="Scenario: Login to account correct password" time="0.086"/>
        <testcase name="And I enter a &quot;webdriver123&quot; password" classname="Scenario: Login to account correct password" time="0.053"/>
        <testcase name="When I click on the login button" classname="Scenario: Login to account correct password" time="0.004"/>
        <testcase name="Then I should be presented wit a successful validation alert" classname="Scenario: Login to account correct password" time="0.001"/>
      </testsuite>
      <testsuite name="Scenario: Login to account with a invalid password" time="4.827">
        <testcase name="Given I access webdriveruniversity" classname="Scenario: Login to account with a invalid password" time="0.142"/>
        <testcase name="When I click on the login portal button" classname="Scenario: Login to account with a invalid password" time="4.235"/>
        <testcase name="And I enter username" classname="Scenario: Login to account with a invalid password" time="0.068"/>
        <testcase name="And I enter a &quot;invalid&quot; password" classname="Scenario: Login to account with a invalid password" time="0.052"/>
        <testcase name="When I click on the login button" classname="Scenario: Login to account with a invalid password" time="0.006"/>
        <testcase name="Then I should be presented with a unsuccessful validation alert" classname="Scenario: Login to account with a invalid password" time="0.324"/>
      </testsuite>
    </testsuite>
  </testsuite>
</testrun>
