<?xml version="1.0" encoding="UTF-8"?><testrun name="MainRunner (1)" project="WebDriverUniversity" tests="48" started="36" failures="0" errors="4" ignored="10">
  <testsuite name="CucumberFramework.runner.MainRunner" incomplete="true">
    <testsuite name="Feature: Submit data to webdriveruniversity.com using contact us form" time="46.367">
      <testsuite name="Scenario: Submit information using the contact us form" time="9.228">
        <testcase name="Given I access webdriveruniversity1" classname="Scenario: Submit information using the contact us form" time="3.182"/>
        <testcase name="When I click on the contact1" classname="Scenario: Submit information using the contact us form" time="4.227"/>
        <testcase name="And I enter first name1" classname="Scenario: Submit information using the contact us form" time="0.107"/>
        <testcase name="And I enter last name1" classname="Scenario: Submit information using the contact us form" time="0.144"/>
        <testcase name="And I enter an email address1" classname="Scenario: Submit information using the contact us form" time="0.285"/>
        <testcase name="And I enter comments using data table" classname="Scenario: Submit information using the contact us form" time="1.157"/>
        <testcase name="And I click on the submit button1" classname="Scenario: Submit information using the contact us form" time="0.124"/>
        <testcase name="Then confirmation" classname="Scenario: Submit information using the contact us form" time="0.002"/>
      </testsuite>
      <testsuite name="Scenario: Submit invalid information using the contact us form" time="8.363">
        <testcase name="Given I access webdriveruniversity1" classname="Scenario: Submit invalid information using the contact us form" time="3.154"/>
        <testcase name="When I click on the contact1" classname="Scenario: Submit invalid information using the contact us form" time="4.212"/>
        <testcase name="And I enter first name1" classname="Scenario: Submit invalid information using the contact us form" time="0.081"/>
        <testcase name="And I enter last name1" classname="Scenario: Submit invalid information using the contact us form" time="0.125"/>
        <testcase name="And I enter an email address2" classname="Scenario: Submit invalid information using the contact us form" time="0.149"/>
        <testcase name="And I enter comments1" classname="Scenario: Submit invalid information using the contact us form" time="0.553"/>
        <testcase name="And I click on the submit button1" classname="Scenario: Submit invalid information using the contact us form" time="0.087"/>
        <testcase name="Then invalid confirmation" classname="Scenario: Submit invalid information using the contact us form" time="0.002"/>
      </testsuite>
      <testsuite name="Scenario: Reset information using Reset button on the contact us form" time="7.714">
        <testcase name="Given I access webdriveruniversity1" classname="Scenario: Reset information using Reset button on the contact us form" time="3.128"/>
        <testcase name="When I click on the contact1" classname="Scenario: Reset information using Reset button on the contact us form" time="4.194"/>
        <testcase name="And I enter first name1" classname="Scenario: Reset information using Reset button on the contact us form" time="0.063"/>
        <testcase name="And I enter last name1" classname="Scenario: Reset information using Reset button on the contact us form" time="0.074"/>
        <testcase name="And I enter an email address1" classname="Scenario: Reset information using Reset button on the contact us form" time="0.084"/>
        <testcase name="And I enter comments1" classname="Scenario: Reset information using Reset button on the contact us form" time="0.05"/>
        <testcase name="And I click on the reset button" classname="Scenario: Reset information using Reset button on the contact us form" time="0.118"/>
        <testcase name="Then empty confirmation" classname="Scenario: Reset information using Reset button on the contact us form" time="0.003"/>
      </testsuite>
    </testsuite>
    <testsuite name="Feature: Login to account at webdriveruniversity.com using login portal" time="0.042">
      <testsuite name="Scenario: Login to account correct password" time="0.007" incomplete="true">
        <error>java.lang.IllegalStateException: The driver executable does not exist: C:\Users\luis_marreiros\Desktop\Cucumber\WebDriverUniversity\src\test\java\CucumberFramework\resources\firefoxdriver.exe&#13;
	at com.google.common.base.Preconditions.checkState(Preconditions.java:585)&#13;
	at org.openqa.selenium.remote.service.DriverService.checkExecutable(DriverService.java:136)&#13;
	at org.openqa.selenium.remote.service.DriverService.findExecutable(DriverService.java:131)&#13;
	at org.openqa.selenium.firefox.GeckoDriverService.access$100(GeckoDriverService.java:41)&#13;
	at org.openqa.selenium.firefox.GeckoDriverService$Builder.findDefaultExecutable(GeckoDriverService.java:141)&#13;
	at org.openqa.selenium.remote.service.DriverService$Builder.build(DriverService.java:339)&#13;
	at org.openqa.selenium.firefox.FirefoxDriver.toExecutor(FirefoxDriver.java:158)&#13;
	at org.openqa.selenium.firefox.FirefoxDriver.&lt;init&gt;(FirefoxDriver.java:120)&#13;
	at org.openqa.selenium.firefox.FirefoxDriver.&lt;init&gt;(FirefoxDriver.java:98)&#13;
	at CucumberFramework.Steps.LoginBackgroundStep.i_access_webdriveruniversity(LoginBackgroundStep.java:27)&#13;
	at ✽.Given I access webdriveruniversity(LoginBackground.feature:4)&#13;
&#13;
</error>
        <testcase name="Given I access webdriveruniversity" classname="Scenario: Login to account correct password" time="0.006">
          <error>java.lang.IllegalStateException: The driver executable does not exist: C:\Users\luis_marreiros\Desktop\Cucumber\WebDriverUniversity\src\test\java\CucumberFramework\resources\firefoxdriver.exe&#13;
	at com.google.common.base.Preconditions.checkState(Preconditions.java:585)&#13;
	at org.openqa.selenium.remote.service.DriverService.checkExecutable(DriverService.java:136)&#13;
	at org.openqa.selenium.remote.service.DriverService.findExecutable(DriverService.java:131)&#13;
	at org.openqa.selenium.firefox.GeckoDriverService.access$100(GeckoDriverService.java:41)&#13;
	at org.openqa.selenium.firefox.GeckoDriverService$Builder.findDefaultExecutable(GeckoDriverService.java:141)&#13;
	at org.openqa.selenium.remote.service.DriverService$Builder.build(DriverService.java:339)&#13;
	at org.openqa.selenium.firefox.FirefoxDriver.toExecutor(FirefoxDriver.java:158)&#13;
	at org.openqa.selenium.firefox.FirefoxDriver.&lt;init&gt;(FirefoxDriver.java:120)&#13;
	at org.openqa.selenium.firefox.FirefoxDriver.&lt;init&gt;(FirefoxDriver.java:98)&#13;
	at CucumberFramework.Steps.LoginBackgroundStep.i_access_webdriveruniversity(LoginBackgroundStep.java:27)&#13;
	at ✽.Given I access webdriveruniversity(LoginBackground.feature:4)&#13;
&#13;
</error>
        </testcase>
        <testcase name="When I click on the login portal button" classname="Scenario: Login to account correct password" time="0.002" ignored="true"/>
        <testcase name="And I enter username" classname="Scenario: Login to account correct password" time="0.003" ignored="true"/>
        <testcase name="And I enter a &quot;webdriver123&quot; password" classname="Scenario: Login to account correct password" time="0.0" ignored="true"/>
        <testcase name="When I click on the login button" classname="Scenario: Login to account correct password" time="0.002" ignored="true"/>
        <testcase name="Then I should be presented wit a successful validation alert" classname="Scenario: Login to account correct password" time="0.0" ignored="true"/>
      </testsuite>
      <testsuite name="Scenario: Login to account with a invalid password" time="0.001" incomplete="true">
        <error>java.lang.IllegalStateException: The driver executable does not exist: C:\Users\luis_marreiros\Desktop\Cucumber\WebDriverUniversity\src\test\java\CucumberFramework\resources\firefoxdriver.exe&#13;
	at com.google.common.base.Preconditions.checkState(Preconditions.java:585)&#13;
	at org.openqa.selenium.remote.service.DriverService.checkExecutable(DriverService.java:136)&#13;
	at org.openqa.selenium.remote.service.DriverService.findExecutable(DriverService.java:131)&#13;
	at org.openqa.selenium.firefox.GeckoDriverService.access$100(GeckoDriverService.java:41)&#13;
	at org.openqa.selenium.firefox.GeckoDriverService$Builder.findDefaultExecutable(GeckoDriverService.java:141)&#13;
	at org.openqa.selenium.remote.service.DriverService$Builder.build(DriverService.java:339)&#13;
	at org.openqa.selenium.firefox.FirefoxDriver.toExecutor(FirefoxDriver.java:158)&#13;
	at org.openqa.selenium.firefox.FirefoxDriver.&lt;init&gt;(FirefoxDriver.java:120)&#13;
	at org.openqa.selenium.firefox.FirefoxDriver.&lt;init&gt;(FirefoxDriver.java:98)&#13;
	at CucumberFramework.Steps.LoginBackgroundStep.i_access_webdriveruniversity(LoginBackgroundStep.java:27)&#13;
	at ✽.Given I access webdriveruniversity(LoginBackground.feature:4)&#13;
&#13;
</error>
        <testcase name="Given I access webdriveruniversity" classname="Scenario: Login to account with a invalid password" time="0.0">
          <error>java.lang.IllegalStateException: The driver executable does not exist: C:\Users\luis_marreiros\Desktop\Cucumber\WebDriverUniversity\src\test\java\CucumberFramework\resources\firefoxdriver.exe&#13;
	at com.google.common.base.Preconditions.checkState(Preconditions.java:585)&#13;
	at org.openqa.selenium.remote.service.DriverService.checkExecutable(DriverService.java:136)&#13;
	at org.openqa.selenium.remote.service.DriverService.findExecutable(DriverService.java:131)&#13;
	at org.openqa.selenium.firefox.GeckoDriverService.access$100(GeckoDriverService.java:41)&#13;
	at org.openqa.selenium.firefox.GeckoDriverService$Builder.findDefaultExecutable(GeckoDriverService.java:141)&#13;
	at org.openqa.selenium.remote.service.DriverService$Builder.build(DriverService.java:339)&#13;
	at org.openqa.selenium.firefox.FirefoxDriver.toExecutor(FirefoxDriver.java:158)&#13;
	at org.openqa.selenium.firefox.FirefoxDriver.&lt;init&gt;(FirefoxDriver.java:120)&#13;
	at org.openqa.selenium.firefox.FirefoxDriver.&lt;init&gt;(FirefoxDriver.java:98)&#13;
	at CucumberFramework.Steps.LoginBackgroundStep.i_access_webdriveruniversity(LoginBackgroundStep.java:27)&#13;
	at ✽.Given I access webdriveruniversity(LoginBackground.feature:4)&#13;
&#13;
</error>
        </testcase>
        <testcase name="When I click on the login portal button" classname="Scenario: Login to account with a invalid password" time="0.002" ignored="true"/>
        <testcase name="And I enter username" classname="Scenario: Login to account with a invalid password" time="0.001" ignored="true"/>
        <testcase name="And I enter a &quot;invalid&quot; password" classname="Scenario: Login to account with a invalid password" time="0.001" ignored="true"/>
        <testcase name="When I click on the login button" classname="Scenario: Login to account with a invalid password" time="0.0" ignored="true"/>
        <testcase name="Then I should be presented with a unsuccessful validation alert" classname="Scenario: Login to account with a invalid password" time="0.003" ignored="true"/>
      </testsuite>
    </testsuite>
    <testsuite name="Feature: Login to Account" incomplete="true">
      <testsuite name="Scenario Outline: Longin to account with correct credentials" incomplete="true">
        <testsuite name="Examples:" incomplete="true">
          <testsuite name="| http://www.webdriveruniversity.com | user1 | pass1 | validation failed |" incomplete="true">
            <testcase name="Given user navigates to &quot;http://www.webdriveruniversity.com&quot;" classname="| http://www.webdriveruniversity.com | user1 | pass1 | validation failed |" incomplete="true"/>
            <testcase name="When user clicks on the login portal button" classname="| http://www.webdriveruniversity.com | user1 | pass1 | validation failed |" incomplete="true"/>
            <testcase name="And user enters the &quot;user1&quot; username" classname="| http://www.webdriveruniversity.com | user1 | pass1 | validation failed |" incomplete="true"/>
            <testcase name="And user enters the &quot;pass1&quot; password" classname="| http://www.webdriveruniversity.com | user1 | pass1 | validation failed |" incomplete="true"/>
            <testcase name="When user clicks on the login button" classname="| http://www.webdriveruniversity.com | user1 | pass1 | validation failed |" incomplete="true"/>
            <testcase name="Then the user should be presented with the following prompt alert &quot;validation failed&quot;" classname="| http://www.webdriveruniversity.com | user1 | pass1 | validation failed |" incomplete="true"/>
          </testsuite>
          <testsuite name="| http://www.webdriveruniversity.com | webdriver | webdriver123 | validation succeeded |" incomplete="true">
            <testcase name="Given user navigates to &quot;http://www.webdriveruniversity.com&quot;" classname="| http://www.webdriveruniversity.com | webdriver | webdriver123 | validation succeeded |" incomplete="true"/>
            <testcase name="When user clicks on the login portal button" classname="| http://www.webdriveruniversity.com | webdriver | webdriver123 | validation succeeded |" incomplete="true"/>
            <testcase name="And user enters the &quot;webdriver&quot; username" classname="| http://www.webdriveruniversity.com | webdriver | webdriver123 | validation succeeded |" incomplete="true"/>
            <testcase name="And user enters the &quot;webdriver123&quot; password" classname="| http://www.webdriveruniversity.com | webdriver | webdriver123 | validation succeeded |" incomplete="true"/>
            <testcase name="When user clicks on the login button" classname="| http://www.webdriveruniversity.com | webdriver | webdriver123 | validation succeeded |" incomplete="true"/>
            <testcase name="Then the user should be presented with the following prompt alert &quot;validation succeeded&quot;" classname="| http://www.webdriveruniversity.com | webdriver | webdriver123 | validation succeeded |" incomplete="true"/>
          </testsuite>
        </testsuite>
      </testsuite>
    </testsuite>
  </testsuite>
</testrun>
