<?xml version="1.0" encoding="UTF-8"?><testrun name="MainRunner (1)" project="WebDriverUniversity" tests="51" started="51" failures="0" errors="8" ignored="14">
  <testsuite name="CucumberFramework.runner.MainRunner" time="75.568">
    <testsuite name="Feature: Submit data to webdriveruniversity.com using contact us form" time="30.064">
      <testsuite name="Scenario: Submit information using the contact us form" time="6.608">
        <testcase name="Given I access webdriveruniversity1" classname="Scenario: Submit information using the contact us form" time="3.28"/>
        <testcase name="When I click on the contact1" classname="Scenario: Submit information using the contact us form" time="0.164"/>
        <testcase name="And I enter first name1" classname="Scenario: Submit information using the contact us form" time="0.049"/>
        <testcase name="And I enter last name1" classname="Scenario: Submit information using the contact us form" time="0.062"/>
        <testcase name="And I enter an email address1" classname="Scenario: Submit information using the contact us form" time="0.063"/>
        <testcase name="And I enter comments using data table" classname="Scenario: Submit information using the contact us form" time="1.213"/>
        <testcase name="And I click on the submit button1" classname="Scenario: Submit information using the contact us form" time="0.114"/>
        <testcase name="Then confirmation" classname="Scenario: Submit information using the contact us form" time="1.663"/>
      </testsuite>
      <testsuite name="Scenario: Submit invalid information using the contact us form" time="5.934">
        <testcase name="Given I access webdriveruniversity1" classname="Scenario: Submit invalid information using the contact us form" time="3.262"/>
        <testcase name="When I click on the contact1" classname="Scenario: Submit invalid information using the contact us form" time="0.15"/>
        <testcase name="And I enter first name1" classname="Scenario: Submit invalid information using the contact us form" time="0.044"/>
        <testcase name="And I enter last name1" classname="Scenario: Submit invalid information using the contact us form" time="0.047"/>
        <testcase name="And I enter an email address2" classname="Scenario: Submit invalid information using the contact us form" time="0.061"/>
        <testcase name="And I enter comments1" classname="Scenario: Submit invalid information using the contact us form" time="0.567"/>
        <testcase name="And I click on the submit button1" classname="Scenario: Submit invalid information using the contact us form" time="0.078"/>
        <testcase name="Then invalid confirmation" classname="Scenario: Submit invalid information using the contact us form" time="1.725"/>
      </testsuite>
      <testsuite name="Scenario: Reset information using Reset button on the contact us form" time="5.886">
        <testcase name="Given I access webdriveruniversity1" classname="Scenario: Reset information using Reset button on the contact us form" time="3.34"/>
        <testcase name="When I click on the contact1" classname="Scenario: Reset information using Reset button on the contact us form" time="0.13"/>
        <testcase name="And I enter first name1" classname="Scenario: Reset information using Reset button on the contact us form" time="0.05"/>
        <testcase name="And I enter last name1" classname="Scenario: Reset information using Reset button on the contact us form" time="0.056"/>
        <testcase name="And I enter an email address1" classname="Scenario: Reset information using Reset button on the contact us form" time="0.076"/>
        <testcase name="And I enter comments1" classname="Scenario: Reset information using Reset button on the contact us form" time="0.272"/>
        <testcase name="And I click on the reset button" classname="Scenario: Reset information using Reset button on the contact us form" time="0.167"/>
        <testcase name="Then empty confirmation" classname="Scenario: Reset information using Reset button on the contact us form" time="1.794"/>
      </testsuite>
    </testsuite>
    <testsuite name="Feature: Login to account at webdriveruniversity.com using login portal" time="9.575">
      <testsuite name="Scenario: Login to account correct password" time="0.122" incomplete="true">
        <error>org.openqa.selenium.NoSuchElementException: Unable to locate element: #text
For documentation on this error, please visit: http://seleniumhq.org/exceptions/no_such_element.html
Build info: version: '3.9.0', revision: '698b3178f0', time: '2018-02-05T14:56:13.134Z'
System info: host: 'EPPLKATW0255', ip: '192.168.1.12', os.name: 'Windows 10', os.arch: 'amd64', os.version: '10.0', java.version: '14'
Driver info: org.openqa.selenium.firefox.FirefoxDriver
Capabilities {acceptInsecureCerts: true, browserName: firefox, browserVersion: 75.0, javascriptEnabled: true, moz:accessibilityChecks: false, moz:buildID: 20200403170909, moz:geckodriverVersion: 0.25.0, moz:headless: false, moz:processID: 20116, moz:profile: C:\Users\luis_marreiros\App..., moz:shutdownTimeout: 60000, moz:useNonSpecCompliantPointerOrigin: false, moz:webdriverClick: true, pageLoadStrategy: normal, platform: WINDOWS, platformName: WINDOWS, platformVersion: 10.0, rotatable: false, setWindowRect: true, strictFileInteractability: false, timeouts: {implicit: 0, pageLoad: 300000, script: 30000}, unhandledPromptBehavior: dismiss and notify}
Session ID: dcd73825-f4eb-4ca3-8a52-5d1ed18c9272
*** Element info: {Using=id, value=text}&#13;
	at java.base/jdk.internal.reflect.NativeConstructorAccessorImpl.newInstance0(Native Method)&#13;
	at java.base/jdk.internal.reflect.NativeConstructorAccessorImpl.newInstance(NativeConstructorAccessorImpl.java:62)&#13;
	at java.base/jdk.internal.reflect.DelegatingConstructorAccessorImpl.newInstance(DelegatingConstructorAccessorImpl.java:45)&#13;
	at java.base/java.lang.reflect.Constructor.newInstanceWithCaller(Constructor.java:500)&#13;
	at java.base/java.lang.reflect.Constructor.newInstance(Constructor.java:481)&#13;
	at org.openqa.selenium.remote.http.W3CHttpResponseCodec.createException(W3CHttpResponseCodec.java:187)&#13;
	at org.openqa.selenium.remote.http.W3CHttpResponseCodec.decode(W3CHttpResponseCodec.java:122)&#13;
	at org.openqa.selenium.remote.http.W3CHttpResponseCodec.decode(W3CHttpResponseCodec.java:49)&#13;
	at org.openqa.selenium.remote.HttpCommandExecutor.execute(HttpCommandExecutor.java:160)&#13;
	at org.openqa.selenium.remote.service.DriverCommandExecutor.execute(DriverCommandExecutor.java:83)&#13;
	at org.openqa.selenium.remote.RemoteWebDriver.execute(RemoteWebDriver.java:601)&#13;
	at org.openqa.selenium.remote.RemoteWebDriver.findElement(RemoteWebDriver.java:371)&#13;
	at org.openqa.selenium.remote.RemoteWebDriver.findElementById(RemoteWebDriver.java:417)&#13;
	at org.openqa.selenium.By$ById.findElement(By.java:218)&#13;
	at org.openqa.selenium.remote.RemoteWebDriver.findElement(RemoteWebDriver.java:363)&#13;
	at CucumberFramework.Steps.LoginBackgroundStep.i_enter_username(LoginBackgroundStep.java:52)&#13;
	at âœ½.And I enter username(LoginBackground.feature:6)&#13;
&#13;
</error>
        <testcase name="Given I access webdriveruniversity" classname="Scenario: Login to account correct password" time="0.037"/>
        <testcase name="When I click on the login portal button" classname="Scenario: Login to account correct password" time="0.079"/>
        <testcase name="And I enter username" classname="Scenario: Login to account correct password" time="0.005">
          <error>org.openqa.selenium.NoSuchElementException: Unable to locate element: #text
For documentation on this error, please visit: http://seleniumhq.org/exceptions/no_such_element.html
Build info: version: '3.9.0', revision: '698b3178f0', time: '2018-02-05T14:56:13.134Z'
System info: host: 'EPPLKATW0255', ip: '192.168.1.12', os.name: 'Windows 10', os.arch: 'amd64', os.version: '10.0', java.version: '14'
Driver info: org.openqa.selenium.firefox.FirefoxDriver
Capabilities {acceptInsecureCerts: true, browserName: firefox, browserVersion: 75.0, javascriptEnabled: true, moz:accessibilityChecks: false, moz:buildID: 20200403170909, moz:geckodriverVersion: 0.25.0, moz:headless: false, moz:processID: 20116, moz:profile: C:\Users\luis_marreiros\App..., moz:shutdownTimeout: 60000, moz:useNonSpecCompliantPointerOrigin: false, moz:webdriverClick: true, pageLoadStrategy: normal, platform: WINDOWS, platformName: WINDOWS, platformVersion: 10.0, rotatable: false, setWindowRect: true, strictFileInteractability: false, timeouts: {implicit: 0, pageLoad: 300000, script: 30000}, unhandledPromptBehavior: dismiss and notify}
Session ID: dcd73825-f4eb-4ca3-8a52-5d1ed18c9272
*** Element info: {Using=id, value=text}&#13;
	at java.base/jdk.internal.reflect.NativeConstructorAccessorImpl.newInstance0(Native Method)&#13;
	at java.base/jdk.internal.reflect.NativeConstructorAccessorImpl.newInstance(NativeConstructorAccessorImpl.java:62)&#13;
	at java.base/jdk.internal.reflect.DelegatingConstructorAccessorImpl.newInstance(DelegatingConstructorAccessorImpl.java:45)&#13;
	at java.base/java.lang.reflect.Constructor.newInstanceWithCaller(Constructor.java:500)&#13;
	at java.base/java.lang.reflect.Constructor.newInstance(Constructor.java:481)&#13;
	at org.openqa.selenium.remote.http.W3CHttpResponseCodec.createException(W3CHttpResponseCodec.java:187)&#13;
	at org.openqa.selenium.remote.http.W3CHttpResponseCodec.decode(W3CHttpResponseCodec.java:122)&#13;
	at org.openqa.selenium.remote.http.W3CHttpResponseCodec.decode(W3CHttpResponseCodec.java:49)&#13;
	at org.openqa.selenium.remote.HttpCommandExecutor.execute(HttpCommandExecutor.java:160)&#13;
	at org.openqa.selenium.remote.service.DriverCommandExecutor.execute(DriverCommandExecutor.java:83)&#13;
	at org.openqa.selenium.remote.RemoteWebDriver.execute(RemoteWebDriver.java:601)&#13;
	at org.openqa.selenium.remote.RemoteWebDriver.findElement(RemoteWebDriver.java:371)&#13;
	at org.openqa.selenium.remote.RemoteWebDriver.findElementById(RemoteWebDriver.java:417)&#13;
	at org.openqa.selenium.By$ById.findElement(By.java:218)&#13;
	at org.openqa.selenium.remote.RemoteWebDriver.findElement(RemoteWebDriver.java:363)&#13;
	at CucumberFramework.Steps.LoginBackgroundStep.i_enter_username(LoginBackgroundStep.java:52)&#13;
	at âœ½.And I enter username(LoginBackground.feature:6)&#13;
&#13;
</error>
        </testcase>
        <testcase name="And I enter a &quot;webdriver123&quot; password" classname="Scenario: Login to account correct password" time="0.002" ignored="true"/>
        <testcase name="When I click on the login button" classname="Scenario: Login to account correct password" time="0.002" ignored="true"/>
        <testcase name="Then I should be presented wit a successful validation alert" classname="Scenario: Login to account correct password" time="1.74" ignored="true"/>
      </testsuite>
      <testsuite name="Scenario: Login to account with a invalid password" time="0.052" incomplete="true">
        <error>org.openqa.selenium.NoSuchElementException: Unable to locate element: #text
For documentation on this error, please visit: http://seleniumhq.org/exceptions/no_such_element.html
Build info: version: '3.9.0', revision: '698b3178f0', time: '2018-02-05T14:56:13.134Z'
System info: host: 'EPPLKATW0255', ip: '192.168.1.12', os.name: 'Windows 10', os.arch: 'amd64', os.version: '10.0', java.version: '14'
Driver info: org.openqa.selenium.firefox.FirefoxDriver
Capabilities {acceptInsecureCerts: true, browserName: firefox, browserVersion: 75.0, javascriptEnabled: true, moz:accessibilityChecks: false, moz:buildID: 20200403170909, moz:geckodriverVersion: 0.25.0, moz:headless: false, moz:processID: 19300, moz:profile: C:\Users\luis_marreiros\App..., moz:shutdownTimeout: 60000, moz:useNonSpecCompliantPointerOrigin: false, moz:webdriverClick: true, pageLoadStrategy: normal, platform: WINDOWS, platformName: WINDOWS, platformVersion: 10.0, rotatable: false, setWindowRect: true, strictFileInteractability: false, timeouts: {implicit: 0, pageLoad: 300000, script: 30000}, unhandledPromptBehavior: dismiss and notify}
Session ID: 1ba8bcd6-50cb-4101-a399-dcc1842ed0e9
*** Element info: {Using=id, value=text}&#13;
	at java.base/jdk.internal.reflect.NativeConstructorAccessorImpl.newInstance0(Native Method)&#13;
	at java.base/jdk.internal.reflect.NativeConstructorAccessorImpl.newInstance(NativeConstructorAccessorImpl.java:62)&#13;
	at java.base/jdk.internal.reflect.DelegatingConstructorAccessorImpl.newInstance(DelegatingConstructorAccessorImpl.java:45)&#13;
	at java.base/java.lang.reflect.Constructor.newInstanceWithCaller(Constructor.java:500)&#13;
	at java.base/java.lang.reflect.Constructor.newInstance(Constructor.java:481)&#13;
	at org.openqa.selenium.remote.http.W3CHttpResponseCodec.createException(W3CHttpResponseCodec.java:187)&#13;
	at org.openqa.selenium.remote.http.W3CHttpResponseCodec.decode(W3CHttpResponseCodec.java:122)&#13;
	at org.openqa.selenium.remote.http.W3CHttpResponseCodec.decode(W3CHttpResponseCodec.java:49)&#13;
	at org.openqa.selenium.remote.HttpCommandExecutor.execute(HttpCommandExecutor.java:160)&#13;
	at org.openqa.selenium.remote.service.DriverCommandExecutor.execute(DriverCommandExecutor.java:83)&#13;
	at org.openqa.selenium.remote.RemoteWebDriver.execute(RemoteWebDriver.java:601)&#13;
	at org.openqa.selenium.remote.RemoteWebDriver.findElement(RemoteWebDriver.java:371)&#13;
	at org.openqa.selenium.remote.RemoteWebDriver.findElementById(RemoteWebDriver.java:417)&#13;
	at org.openqa.selenium.By$ById.findElement(By.java:218)&#13;
	at org.openqa.selenium.remote.RemoteWebDriver.findElement(RemoteWebDriver.java:363)&#13;
	at CucumberFramework.Steps.LoginBackgroundStep.i_enter_username(LoginBackgroundStep.java:52)&#13;
	at âœ½.And I enter username(LoginBackground.feature:6)&#13;
&#13;
</error>
        <testcase name="Given I access webdriveruniversity" classname="Scenario: Login to account with a invalid password" time="0.028"/>
        <testcase name="When I click on the login portal button" classname="Scenario: Login to account with a invalid password" time="0.023"/>
        <testcase name="And I enter username" classname="Scenario: Login to account with a invalid password" time="0.0">
          <error>org.openqa.selenium.NoSuchElementException: Unable to locate element: #text
For documentation on this error, please visit: http://seleniumhq.org/exceptions/no_such_element.html
Build info: version: '3.9.0', revision: '698b3178f0', time: '2018-02-05T14:56:13.134Z'
System info: host: 'EPPLKATW0255', ip: '192.168.1.12', os.name: 'Windows 10', os.arch: 'amd64', os.version: '10.0', java.version: '14'
Driver info: org.openqa.selenium.firefox.FirefoxDriver
Capabilities {acceptInsecureCerts: true, browserName: firefox, browserVersion: 75.0, javascriptEnabled: true, moz:accessibilityChecks: false, moz:buildID: 20200403170909, moz:geckodriverVersion: 0.25.0, moz:headless: false, moz:processID: 19300, moz:profile: C:\Users\luis_marreiros\App..., moz:shutdownTimeout: 60000, moz:useNonSpecCompliantPointerOrigin: false, moz:webdriverClick: true, pageLoadStrategy: normal, platform: WINDOWS, platformName: WINDOWS, platformVersion: 10.0, rotatable: false, setWindowRect: true, strictFileInteractability: false, timeouts: {implicit: 0, pageLoad: 300000, script: 30000}, unhandledPromptBehavior: dismiss and notify}
Session ID: 1ba8bcd6-50cb-4101-a399-dcc1842ed0e9
*** Element info: {Using=id, value=text}&#13;
	at java.base/jdk.internal.reflect.NativeConstructorAccessorImpl.newInstance0(Native Method)&#13;
	at java.base/jdk.internal.reflect.NativeConstructorAccessorImpl.newInstance(NativeConstructorAccessorImpl.java:62)&#13;
	at java.base/jdk.internal.reflect.DelegatingConstructorAccessorImpl.newInstance(DelegatingConstructorAccessorImpl.java:45)&#13;
	at java.base/java.lang.reflect.Constructor.newInstanceWithCaller(Constructor.java:500)&#13;
	at java.base/java.lang.reflect.Constructor.newInstance(Constructor.java:481)&#13;
	at org.openqa.selenium.remote.http.W3CHttpResponseCodec.createException(W3CHttpResponseCodec.java:187)&#13;
	at org.openqa.selenium.remote.http.W3CHttpResponseCodec.decode(W3CHttpResponseCodec.java:122)&#13;
	at org.openqa.selenium.remote.http.W3CHttpResponseCodec.decode(W3CHttpResponseCodec.java:49)&#13;
	at org.openqa.selenium.remote.HttpCommandExecutor.execute(HttpCommandExecutor.java:160)&#13;
	at org.openqa.selenium.remote.service.DriverCommandExecutor.execute(DriverCommandExecutor.java:83)&#13;
	at org.openqa.selenium.remote.RemoteWebDriver.execute(RemoteWebDriver.java:601)&#13;
	at org.openqa.selenium.remote.RemoteWebDriver.findElement(RemoteWebDriver.java:371)&#13;
	at org.openqa.selenium.remote.RemoteWebDriver.findElementById(RemoteWebDriver.java:417)&#13;
	at org.openqa.selenium.By$ById.findElement(By.java:218)&#13;
	at org.openqa.selenium.remote.RemoteWebDriver.findElement(RemoteWebDriver.java:363)&#13;
	at CucumberFramework.Steps.LoginBackgroundStep.i_enter_username(LoginBackgroundStep.java:52)&#13;
	at âœ½.And I enter username(LoginBackground.feature:6)&#13;
&#13;
</error>
        </testcase>
        <testcase name="And I enter a &quot;invalid&quot; password" classname="Scenario: Login to account with a invalid password" time="0.001" ignored="true"/>
        <testcase name="When I click on the login button" classname="Scenario: Login to account with a invalid password" time="0.037" ignored="true"/>
        <testcase name="Then I should be presented with a unsuccessful validation alert" classname="Scenario: Login to account with a invalid password" time="1.75" ignored="true"/>
      </testsuite>
    </testsuite>
    <testsuite name="Feature: Login to Account" time="11.647">
      <testsuite name="Scenario Outline: Longin to account with correct credentials" time="11.647">
        <testsuite name="Examples:" time="11.647">
          <testsuite name="| http://www.webdriveruniversity.com | user1 | pass1 | validation failed |" time="0.066" incomplete="true">
            <error>org.openqa.selenium.ElementNotInteractableException: Element &lt;a id="login-portal" href="Login-Portal/index.html"&gt; could not be scrolled into view
Build info: version: '3.9.0', revision: '698b3178f0', time: '2018-02-05T14:56:13.134Z'
System info: host: 'EPPLKATW0255', ip: '192.168.1.12', os.name: 'Windows 10', os.arch: 'amd64', os.version: '10.0', java.version: '14'
Driver info: org.openqa.selenium.firefox.FirefoxDriver
Capabilities {acceptInsecureCerts: true, browserName: firefox, browserVersion: 75.0, javascriptEnabled: true, moz:accessibilityChecks: false, moz:buildID: 20200403170909, moz:geckodriverVersion: 0.25.0, moz:headless: false, moz:processID: 21332, moz:profile: C:\Users\luis_marreiros\App..., moz:shutdownTimeout: 60000, moz:useNonSpecCompliantPointerOrigin: false, moz:webdriverClick: true, pageLoadStrategy: normal, platform: WINDOWS, platformName: WINDOWS, platformVersion: 10.0, rotatable: false, setWindowRect: true, strictFileInteractability: false, timeouts: {implicit: 0, pageLoad: 300000, script: 30000}, unhandledPromptBehavior: dismiss and notify}
Session ID: 14daba41-5192-4cea-929c-3ac1535607ac&#13;
	at java.base/jdk.internal.reflect.NativeConstructorAccessorImpl.newInstance0(Native Method)&#13;
	at java.base/jdk.internal.reflect.NativeConstructorAccessorImpl.newInstance(NativeConstructorAccessorImpl.java:62)&#13;
	at java.base/jdk.internal.reflect.DelegatingConstructorAccessorImpl.newInstance(DelegatingConstructorAccessorImpl.java:45)&#13;
	at java.base/java.lang.reflect.Constructor.newInstanceWithCaller(Constructor.java:500)&#13;
	at java.base/java.lang.reflect.Constructor.newInstance(Constructor.java:481)&#13;
	at org.openqa.selenium.remote.http.W3CHttpResponseCodec.createException(W3CHttpResponseCodec.java:187)&#13;
	at org.openqa.selenium.remote.http.W3CHttpResponseCodec.decode(W3CHttpResponseCodec.java:122)&#13;
	at org.openqa.selenium.remote.http.W3CHttpResponseCodec.decode(W3CHttpResponseCodec.java:49)&#13;
	at org.openqa.selenium.remote.HttpCommandExecutor.execute(HttpCommandExecutor.java:160)&#13;
	at org.openqa.selenium.remote.service.DriverCommandExecutor.execute(DriverCommandExecutor.java:83)&#13;
	at org.openqa.selenium.remote.RemoteWebDriver.execute(RemoteWebDriver.java:601)&#13;
	at org.openqa.selenium.remote.RemoteWebElement.execute(RemoteWebElement.java:279)&#13;
	at org.openqa.selenium.remote.RemoteWebElement.click(RemoteWebElement.java:83)&#13;
	at CucumberFramework.Steps.LoginScenarioOutline.user_clicks_on_the_login_portal_button(LoginScenarioOutline.java:40)&#13;
	at âœ½.When user clicks on the login portal button(LoginScenarioOutline.feature:6)&#13;
&#13;
</error>
            <testcase name="Given user navigates to &quot;http://www.webdriveruniversity.com&quot;" classname="| http://www.webdriveruniversity.com | user1 | pass1 | validation failed |" time="0.065"/>
            <testcase name="When user clicks on the login portal button" classname="| http://www.webdriveruniversity.com | user1 | pass1 | validation failed |" time="0.001">
              <error>org.openqa.selenium.ElementNotInteractableException: Element &lt;a id="login-portal" href="Login-Portal/index.html"&gt; could not be scrolled into view
Build info: version: '3.9.0', revision: '698b3178f0', time: '2018-02-05T14:56:13.134Z'
System info: host: 'EPPLKATW0255', ip: '192.168.1.12', os.name: 'Windows 10', os.arch: 'amd64', os.version: '10.0', java.version: '14'
Driver info: org.openqa.selenium.firefox.FirefoxDriver
Capabilities {acceptInsecureCerts: true, browserName: firefox, browserVersion: 75.0, javascriptEnabled: true, moz:accessibilityChecks: false, moz:buildID: 20200403170909, moz:geckodriverVersion: 0.25.0, moz:headless: false, moz:processID: 21332, moz:profile: C:\Users\luis_marreiros\App..., moz:shutdownTimeout: 60000, moz:useNonSpecCompliantPointerOrigin: false, moz:webdriverClick: true, pageLoadStrategy: normal, platform: WINDOWS, platformName: WINDOWS, platformVersion: 10.0, rotatable: false, setWindowRect: true, strictFileInteractability: false, timeouts: {implicit: 0, pageLoad: 300000, script: 30000}, unhandledPromptBehavior: dismiss and notify}
Session ID: 14daba41-5192-4cea-929c-3ac1535607ac&#13;
	at java.base/jdk.internal.reflect.NativeConstructorAccessorImpl.newInstance0(Native Method)&#13;
	at java.base/jdk.internal.reflect.NativeConstructorAccessorImpl.newInstance(NativeConstructorAccessorImpl.java:62)&#13;
	at java.base/jdk.internal.reflect.DelegatingConstructorAccessorImpl.newInstance(DelegatingConstructorAccessorImpl.java:45)&#13;
	at java.base/java.lang.reflect.Constructor.newInstanceWithCaller(Constructor.java:500)&#13;
	at java.base/java.lang.reflect.Constructor.newInstance(Constructor.java:481)&#13;
	at org.openqa.selenium.remote.http.W3CHttpResponseCodec.createException(W3CHttpResponseCodec.java:187)&#13;
	at org.openqa.selenium.remote.http.W3CHttpResponseCodec.decode(W3CHttpResponseCodec.java:122)&#13;
	at org.openqa.selenium.remote.http.W3CHttpResponseCodec.decode(W3CHttpResponseCodec.java:49)&#13;
	at org.openqa.selenium.remote.HttpCommandExecutor.execute(HttpCommandExecutor.java:160)&#13;
	at org.openqa.selenium.remote.service.DriverCommandExecutor.execute(DriverCommandExecutor.java:83)&#13;
	at org.openqa.selenium.remote.RemoteWebDriver.execute(RemoteWebDriver.java:601)&#13;
	at org.openqa.selenium.remote.RemoteWebElement.execute(RemoteWebElement.java:279)&#13;
	at org.openqa.selenium.remote.RemoteWebElement.click(RemoteWebElement.java:83)&#13;
	at CucumberFramework.Steps.LoginScenarioOutline.user_clicks_on_the_login_portal_button(LoginScenarioOutline.java:40)&#13;
	at âœ½.When user clicks on the login portal button(LoginScenarioOutline.feature:6)&#13;
&#13;
</error>
            </testcase>
            <testcase name="And user enters the &quot;user1&quot; username" classname="| http://www.webdriveruniversity.com | user1 | pass1 | validation failed |" time="0.002" ignored="true"/>
            <testcase name="And user enters the &quot;pass1&quot; password" classname="| http://www.webdriveruniversity.com | user1 | pass1 | validation failed |" time="0.005" ignored="true"/>
            <testcase name="When user clicks on the login button" classname="| http://www.webdriveruniversity.com | user1 | pass1 | validation failed |" time="0.003" ignored="true"/>
            <testcase name="Then the user should be presented with the following prompt alert &quot;validation failed&quot;" classname="| http://www.webdriveruniversity.com | user1 | pass1 | validation failed |" time="2.698" ignored="true"/>
          </testsuite>
          <testsuite name="| http://www.webdriveruniversity.com | webdriver | webdriver123 | validation succeeded |" time="0.062" incomplete="true">
            <error>org.openqa.selenium.ElementNotInteractableException: Element &lt;a id="login-portal" href="Login-Portal/index.html"&gt; could not be scrolled into view
Build info: version: '3.9.0', revision: '698b3178f0', time: '2018-02-05T14:56:13.134Z'
System info: host: 'EPPLKATW0255', ip: '192.168.1.12', os.name: 'Windows 10', os.arch: 'amd64', os.version: '10.0', java.version: '14'
Driver info: org.openqa.selenium.firefox.FirefoxDriver
Capabilities {acceptInsecureCerts: true, browserName: firefox, browserVersion: 75.0, javascriptEnabled: true, moz:accessibilityChecks: false, moz:buildID: 20200403170909, moz:geckodriverVersion: 0.25.0, moz:headless: false, moz:processID: 21488, moz:profile: C:\Users\luis_marreiros\App..., moz:shutdownTimeout: 60000, moz:useNonSpecCompliantPointerOrigin: false, moz:webdriverClick: true, pageLoadStrategy: normal, platform: WINDOWS, platformName: WINDOWS, platformVersion: 10.0, rotatable: false, setWindowRect: true, strictFileInteractability: false, timeouts: {implicit: 0, pageLoad: 300000, script: 30000}, unhandledPromptBehavior: dismiss and notify}
Session ID: 7e16b086-e3ce-4800-8d88-0c97026f7c60&#13;
	at java.base/jdk.internal.reflect.NativeConstructorAccessorImpl.newInstance0(Native Method)&#13;
	at java.base/jdk.internal.reflect.NativeConstructorAccessorImpl.newInstance(NativeConstructorAccessorImpl.java:62)&#13;
	at java.base/jdk.internal.reflect.DelegatingConstructorAccessorImpl.newInstance(DelegatingConstructorAccessorImpl.java:45)&#13;
	at java.base/java.lang.reflect.Constructor.newInstanceWithCaller(Constructor.java:500)&#13;
	at java.base/java.lang.reflect.Constructor.newInstance(Constructor.java:481)&#13;
	at org.openqa.selenium.remote.http.W3CHttpResponseCodec.createException(W3CHttpResponseCodec.java:187)&#13;
	at org.openqa.selenium.remote.http.W3CHttpResponseCodec.decode(W3CHttpResponseCodec.java:122)&#13;
	at org.openqa.selenium.remote.http.W3CHttpResponseCodec.decode(W3CHttpResponseCodec.java:49)&#13;
	at org.openqa.selenium.remote.HttpCommandExecutor.execute(HttpCommandExecutor.java:160)&#13;
	at org.openqa.selenium.remote.service.DriverCommandExecutor.execute(DriverCommandExecutor.java:83)&#13;
	at org.openqa.selenium.remote.RemoteWebDriver.execute(RemoteWebDriver.java:601)&#13;
	at org.openqa.selenium.remote.RemoteWebElement.execute(RemoteWebElement.java:279)&#13;
	at org.openqa.selenium.remote.RemoteWebElement.click(RemoteWebElement.java:83)&#13;
	at CucumberFramework.Steps.LoginScenarioOutline.user_clicks_on_the_login_portal_button(LoginScenarioOutline.java:40)&#13;
	at âœ½.When user clicks on the login portal button(LoginScenarioOutline.feature:6)&#13;
&#13;
</error>
            <testcase name="Given user navigates to &quot;http://www.webdriveruniversity.com&quot;" classname="| http://www.webdriveruniversity.com | webdriver | webdriver123 | validation succeeded |" time="0.061"/>
            <testcase name="When user clicks on the login portal button" classname="| http://www.webdriveruniversity.com | webdriver | webdriver123 | validation succeeded |" time="0.0">
              <error>org.openqa.selenium.ElementNotInteractableException: Element &lt;a id="login-portal" href="Login-Portal/index.html"&gt; could not be scrolled into view
Build info: version: '3.9.0', revision: '698b3178f0', time: '2018-02-05T14:56:13.134Z'
System info: host: 'EPPLKATW0255', ip: '192.168.1.12', os.name: 'Windows 10', os.arch: 'amd64', os.version: '10.0', java.version: '14'
Driver info: org.openqa.selenium.firefox.FirefoxDriver
Capabilities {acceptInsecureCerts: true, browserName: firefox, browserVersion: 75.0, javascriptEnabled: true, moz:accessibilityChecks: false, moz:buildID: 20200403170909, moz:geckodriverVersion: 0.25.0, moz:headless: false, moz:processID: 21488, moz:profile: C:\Users\luis_marreiros\App..., moz:shutdownTimeout: 60000, moz:useNonSpecCompliantPointerOrigin: false, moz:webdriverClick: true, pageLoadStrategy: normal, platform: WINDOWS, platformName: WINDOWS, platformVersion: 10.0, rotatable: false, setWindowRect: true, strictFileInteractability: false, timeouts: {implicit: 0, pageLoad: 300000, script: 30000}, unhandledPromptBehavior: dismiss and notify}
Session ID: 7e16b086-e3ce-4800-8d88-0c97026f7c60&#13;
	at java.base/jdk.internal.reflect.NativeConstructorAccessorImpl.newInstance0(Native Method)&#13;
	at java.base/jdk.internal.reflect.NativeConstructorAccessorImpl.newInstance(NativeConstructorAccessorImpl.java:62)&#13;
	at java.base/jdk.internal.reflect.DelegatingConstructorAccessorImpl.newInstance(DelegatingConstructorAccessorImpl.java:45)&#13;
	at java.base/java.lang.reflect.Constructor.newInstanceWithCaller(Constructor.java:500)&#13;
	at java.base/java.lang.reflect.Constructor.newInstance(Constructor.java:481)&#13;
	at org.openqa.selenium.remote.http.W3CHttpResponseCodec.createException(W3CHttpResponseCodec.java:187)&#13;
	at org.openqa.selenium.remote.http.W3CHttpResponseCodec.decode(W3CHttpResponseCodec.java:122)&#13;
	at org.openqa.selenium.remote.http.W3CHttpResponseCodec.decode(W3CHttpResponseCodec.java:49)&#13;
	at org.openqa.selenium.remote.HttpCommandExecutor.execute(HttpCommandExecutor.java:160)&#13;
	at org.openqa.selenium.remote.service.DriverCommandExecutor.execute(DriverCommandExecutor.java:83)&#13;
	at org.openqa.selenium.remote.RemoteWebDriver.execute(RemoteWebDriver.java:601)&#13;
	at org.openqa.selenium.remote.RemoteWebElement.execute(RemoteWebElement.java:279)&#13;
	at org.openqa.selenium.remote.RemoteWebElement.click(RemoteWebElement.java:83)&#13;
	at CucumberFramework.Steps.LoginScenarioOutline.user_clicks_on_the_login_portal_button(LoginScenarioOutline.java:40)&#13;
	at âœ½.When user clicks on the login portal button(LoginScenarioOutline.feature:6)&#13;
&#13;
</error>
            </testcase>
            <testcase name="And user enters the &quot;webdriver&quot; username" classname="| http://www.webdriveruniversity.com | webdriver | webdriver123 | validation succeeded |" time="0.002" ignored="true"/>
            <testcase name="And user enters the &quot;webdriver123&quot; password" classname="| http://www.webdriveruniversity.com | webdriver | webdriver123 | validation succeeded |" time="0.003" ignored="true"/>
            <testcase name="When user clicks on the login button" classname="| http://www.webdriveruniversity.com | webdriver | webdriver123 | validation succeeded |" time="0.005" ignored="true"/>
            <testcase name="Then the user should be presented with the following prompt alert &quot;validation succeeded&quot;" classname="| http://www.webdriveruniversity.com | webdriver | webdriver123 | validation succeeded |" time="1.837" ignored="true"/>
          </testsuite>
        </testsuite>
      </testsuite>
    </testsuite>
    <testsuite name="Feature: Products" time="7.188">
      <testsuite name="Scenario Outline: validate promo code alert is visible when clicking on the special offers link" time="7.188">
        <testsuite name="Examples:" time="7.188">
          <testsuite name="| http://www.webdriveruniversity.com/Page-Object-Model/products.html# | container-special-offers |" time="7.188">
            <testcase name="Given user navigates to &quot;http://www.webdriveruniversity.com/Page-Object-Model/products.html#&quot; website" classname="| http://www.webdriveruniversity.com/Page-Object-Model/products.html# | container-special-offers |" time="2.261"/>
            <testcase name="When user clicks on &quot;container-special-offers&quot;" classname="| http://www.webdriveruniversity.com/Page-Object-Model/products.html# | container-special-offers |" time="2.273"/>
            <testcase name="Then user should be presented with a promo alert" classname="| http://www.webdriveruniversity.com/Page-Object-Model/products.html# | container-special-offers |" time="2.654"/>
          </testsuite>
        </testsuite>
      </testsuite>
    </testsuite>
  </testsuite>
</testrun>
