<?xml version="1.0" encoding="UTF-8"?><testrun name="MainRunner (1)" project="WebDriverUniversity" tests="48" started="48" failures="0" errors="4" ignored="10">
  <testsuite name="CucumberFramework.runner.MainRunner" time="126.339">
    <testsuite name="Feature: Submit data to webdriveruniversity.com using contact us form" time="50.838">
      <testsuite name="Scenario: Submit information using the contact us form" time="10.665">
        <testcase name="Given I access webdriveruniversity1" classname="Scenario: Submit information using the contact us form" time="3.387"/>
        <testcase name="When I click on the contact1" classname="Scenario: Submit information using the contact us form" time="4.473"/>
        <testcase name="And I enter first name1" classname="Scenario: Submit information using the contact us form" time="0.308"/>
        <testcase name="And I enter last name1" classname="Scenario: Submit information using the contact us form" time="0.309"/>
        <testcase name="And I enter an email address1" classname="Scenario: Submit information using the contact us form" time="0.245"/>
        <testcase name="And I enter comments using data table" classname="Scenario: Submit information using the contact us form" time="0.97"/>
        <testcase name="And I click on the submit button1" classname="Scenario: Submit information using the contact us form" time="0.252"/>
        <testcase name="Then confirmation" classname="Scenario: Submit information using the contact us form" time="0.721"/>
      </testsuite>
      <testsuite name="Scenario: Submit invalid information using the contact us form" time="9.791">
        <testcase name="Given I access webdriveruniversity1" classname="Scenario: Submit invalid information using the contact us form" time="3.253"/>
        <testcase name="When I click on the contact1" classname="Scenario: Submit invalid information using the contact us form" time="4.338"/>
        <testcase name="And I enter first name1" classname="Scenario: Submit invalid information using the contact us form" time="0.168"/>
        <testcase name="And I enter last name1" classname="Scenario: Submit invalid information using the contact us form" time="0.177"/>
        <testcase name="And I enter an email address2" classname="Scenario: Submit invalid information using the contact us form" time="0.25"/>
        <testcase name="And I enter comments1" classname="Scenario: Submit invalid information using the contact us form" time="0.627"/>
        <testcase name="And I click on the submit button1" classname="Scenario: Submit invalid information using the contact us form" time="0.251"/>
        <testcase name="Then invalid confirmation" classname="Scenario: Submit invalid information using the contact us form" time="0.727"/>
      </testsuite>
      <testsuite name="Scenario: Reset information using Reset button on the contact us form" time="9.34">
        <testcase name="Given I access webdriveruniversity1" classname="Scenario: Reset information using Reset button on the contact us form" time="3.213"/>
        <testcase name="When I click on the contact1" classname="Scenario: Reset information using Reset button on the contact us form" time="4.264"/>
        <testcase name="And I enter first name1" classname="Scenario: Reset information using Reset button on the contact us form" time="0.102"/>
        <testcase name="And I enter last name1" classname="Scenario: Reset information using Reset button on the contact us form" time="0.243"/>
        <testcase name="And I enter an email address1" classname="Scenario: Reset information using Reset button on the contact us form" time="0.341"/>
        <testcase name="And I enter comments1" classname="Scenario: Reset information using Reset button on the contact us form" time="0.147"/>
        <testcase name="And I click on the reset button" classname="Scenario: Reset information using Reset button on the contact us form" time="0.299"/>
        <testcase name="Then empty confirmation" classname="Scenario: Reset information using Reset button on the contact us form" time="0.731"/>
      </testsuite>
    </testsuite>
    <testsuite name="Feature: Login to account at webdriveruniversity.com using login portal" time="11.605">
      <testsuite name="Scenario: Login to account correct password" time="0.01" incomplete="true">
        <error>java.lang.NullPointerException&#13;
	at CucumberFramework.Steps.LoginBackgroundStep.i_access_webdriveruniversity(LoginBackgroundStep.java:39)&#13;
	at ✽.Given I access webdriveruniversity(LoginBackground.feature:4)&#13;
&#13;
</error>
        <testcase name="Given I access webdriveruniversity" classname="Scenario: Login to account correct password" time="0.01">
          <error>java.lang.NullPointerException&#13;
	at CucumberFramework.Steps.LoginBackgroundStep.i_access_webdriveruniversity(LoginBackgroundStep.java:39)&#13;
	at ✽.Given I access webdriveruniversity(LoginBackground.feature:4)&#13;
&#13;
</error>
        </testcase>
        <testcase name="When I click on the login portal button" classname="Scenario: Login to account correct password" time="0.008" ignored="true"/>
        <testcase name="And I enter username" classname="Scenario: Login to account correct password" time="0.006" ignored="true"/>
        <testcase name="And I enter a &quot;webdriver123&quot; password" classname="Scenario: Login to account correct password" time="0.001" ignored="true"/>
        <testcase name="When I click on the login button" classname="Scenario: Login to account correct password" time="0.0" ignored="true"/>
        <testcase name="Then I should be presented wit a successful validation alert" classname="Scenario: Login to account correct password" time="1.214" ignored="true"/>
      </testsuite>
      <testsuite name="Scenario: Login to account with a invalid password" time="0.001" incomplete="true">
        <error>java.lang.NullPointerException&#13;
	at CucumberFramework.Steps.LoginBackgroundStep.i_access_webdriveruniversity(LoginBackgroundStep.java:39)&#13;
	at ✽.Given I access webdriveruniversity(LoginBackground.feature:4)&#13;
&#13;
</error>
        <testcase name="Given I access webdriveruniversity" classname="Scenario: Login to account with a invalid password" time="0.0">
          <error>java.lang.NullPointerException&#13;
	at CucumberFramework.Steps.LoginBackgroundStep.i_access_webdriveruniversity(LoginBackgroundStep.java:39)&#13;
	at ✽.Given I access webdriveruniversity(LoginBackground.feature:4)&#13;
&#13;
</error>
        </testcase>
        <testcase name="When I click on the login portal button" classname="Scenario: Login to account with a invalid password" time="0.002" ignored="true"/>
        <testcase name="And I enter username" classname="Scenario: Login to account with a invalid password" time="0.01" ignored="true"/>
        <testcase name="And I enter a &quot;invalid&quot; password" classname="Scenario: Login to account with a invalid password" time="0.004" ignored="true"/>
        <testcase name="When I click on the login button" classname="Scenario: Login to account with a invalid password" time="0.001" ignored="true"/>
        <testcase name="Then I should be presented with a unsuccessful validation alert" classname="Scenario: Login to account with a invalid password" time="0.748" ignored="true"/>
      </testsuite>
    </testsuite>
    <testsuite name="Feature: Login to Account" time="33.748">
      <testsuite name="Scenario Outline: Longin to account with correct credentials" time="33.748">
        <testsuite name="Examples:" time="33.748">
          <testsuite name="| http://www.webdriveruniversity.com | user1 | pass1 | validation failed |" time="5.682">
            <testcase name="Given user navigates to &quot;http://www.webdriveruniversity.com&quot;" classname="| http://www.webdriveruniversity.com | user1 | pass1 | validation failed |" time="0.28"/>
            <testcase name="When user clicks on the login portal button" classname="| http://www.webdriveruniversity.com | user1 | pass1 | validation failed |" time="4.406"/>
            <testcase name="And user enters the &quot;user1&quot; username" classname="| http://www.webdriveruniversity.com | user1 | pass1 | validation failed |" time="0.117"/>
            <testcase name="And user enters the &quot;pass1&quot; password" classname="| http://www.webdriveruniversity.com | user1 | pass1 | validation failed |" time="0.085"/>
            <testcase name="When user clicks on the login button" classname="| http://www.webdriveruniversity.com | user1 | pass1 | validation failed |" time="0.026"/>
            <testcase name="Then the user should be presented with the following prompt alert &quot;validation failed&quot;" classname="| http://www.webdriveruniversity.com | user1 | pass1 | validation failed |" time="0.768"/>
          </testsuite>
          <testsuite name="| http://www.webdriveruniversity.com | webdriver | webdriver123 | validation succeeded |" time="6.959">
            <testcase name="Given user navigates to &quot;http://www.webdriveruniversity.com&quot;" classname="| http://www.webdriveruniversity.com | webdriver | webdriver123 | validation succeeded |" time="0.359"/>
            <testcase name="When user clicks on the login portal button" classname="| http://www.webdriveruniversity.com | webdriver | webdriver123 | validation succeeded |" time="4.373"/>
            <testcase name="And user enters the &quot;webdriver&quot; username" classname="| http://www.webdriveruniversity.com | webdriver | webdriver123 | validation succeeded |" time="0.168"/>
            <testcase name="And user enters the &quot;webdriver123&quot; password" classname="| http://www.webdriveruniversity.com | webdriver | webdriver123 | validation succeeded |" time="0.108"/>
            <testcase name="When user clicks on the login button" classname="| http://www.webdriveruniversity.com | webdriver | webdriver123 | validation succeeded |" time="0.022"/>
            <testcase name="Then the user should be presented with the following prompt alert &quot;validation succeeded&quot;" classname="| http://www.webdriveruniversity.com | webdriver | webdriver123 | validation succeeded |" time="1.929"/>
          </testsuite>
        </testsuite>
      </testsuite>
    </testsuite>
  </testsuite>
</testrun>
