<?xml version="1.0" encoding="UTF-8"?><testrun name="MainRunner (1)" project="WebDriverUniversity" tests="28" started="28" failures="0" errors="12" ignored="24">
  <testsuite name="CucumberFramework.runner.MainRunner" time="0.155">
    <testsuite name="Feature: Submit data to webdriveruniversity.com using contact us form" time="0.106">
      <testsuite name="Scenario: Submit information using the contact us form" time="0.004" incomplete="true">
        <error>java.lang.IllegalStateException: The path to the driver executable must be set by the webdriver.chrome.driver system property; for more information, see https://github.com/SeleniumHQ/selenium/wiki/ChromeDriver. The latest version can be downloaded from http://chromedriver.storage.googleapis.com/index.html&#13;
	at com.google.common.base.Preconditions.checkState(Preconditions.java:847)&#13;
	at org.openqa.selenium.remote.service.DriverService.findExecutable(DriverService.java:124)&#13;
	at org.openqa.selenium.chrome.ChromeDriverService.access$000(ChromeDriverService.java:32)&#13;
	at org.openqa.selenium.chrome.ChromeDriverService$Builder.findDefaultExecutable(ChromeDriverService.java:137)&#13;
	at org.openqa.selenium.remote.service.DriverService$Builder.build(DriverService.java:339)&#13;
	at org.openqa.selenium.chrome.ChromeDriverService.createDefaultService(ChromeDriverService.java:88)&#13;
	at org.openqa.selenium.chrome.ChromeDriver.&lt;init&gt;(ChromeDriver.java:123)&#13;
	at CucumberFramework.Steps.ContactUs.i_access_webdriveruniversity(ContactUs.java:25)&#13;
	at ✽.Given I access webdriveruniversity1(ContactUs.feature:5)&#13;
&#13;
java.lang.NullPointerException&#13;
	at CucumberFramework.Steps.LoginStep.tearDown(LoginStep.java:25)&#13;
	at java.base/jdk.internal.reflect.NativeMethodAccessorImpl.invoke0(Native Method)&#13;
	at java.base/jdk.internal.reflect.NativeMethodAccessorImpl.invoke(NativeMethodAccessorImpl.java:62)&#13;
	at java.base/jdk.internal.reflect.DelegatingMethodAccessorImpl.invoke(DelegatingMethodAccessorImpl.java:43)&#13;
	at java.base/java.lang.reflect.Method.invoke(Method.java:564)&#13;
	at cucumber.runtime.Utils$1.call(Utils.java:40)&#13;
	at cucumber.runtime.Timeout.timeout(Timeout.java:16)&#13;
	at cucumber.runtime.Utils.invoke(Utils.java:34)&#13;
	at cucumber.runtime.java.JavaHookDefinition.execute(JavaHookDefinition.java:60)&#13;
	at cucumber.runtime.Runtime.runHookIfTagsMatch(Runtime.java:224)&#13;
	at cucumber.runtime.Runtime.runHooks(Runtime.java:212)&#13;
	at cucumber.runtime.Runtime.runAfterHooks(Runtime.java:206)&#13;
	at cucumber.runtime.model.CucumberScenario.run(CucumberScenario.java:46)&#13;
	at cucumber.runtime.junit.ExecutionUnitRunner.run(ExecutionUnitRunner.java:102)&#13;
	at cucumber.runtime.junit.FeatureRunner.runChild(FeatureRunner.java:63)&#13;
	at cucumber.runtime.junit.FeatureRunner.runChild(FeatureRunner.java:18)&#13;
	at org.junit.runners.ParentRunner$3.run(ParentRunner.java:238)&#13;
	at org.junit.runners.ParentRunner$1.schedule(ParentRunner.java:63)&#13;
	at org.junit.runners.ParentRunner.runChildren(ParentRunner.java:236)&#13;
	at org.junit.runners.ParentRunner.access$000(ParentRunner.java:53)&#13;
	at org.junit.runners.ParentRunner$2.evaluate(ParentRunner.java:229)&#13;
	at org.junit.runners.ParentRunner.run(ParentRunner.java:309)&#13;
	at cucumber.runtime.junit.FeatureRunner.run(FeatureRunner.java:70)&#13;
	at cucumber.api.junit.Cucumber.runChild(Cucumber.java:95)&#13;
	at cucumber.api.junit.Cucumber.runChild(Cucumber.java:38)&#13;
	at org.junit.runners.ParentRunner$3.run(ParentRunner.java:238)&#13;
	at org.junit.runners.ParentRunner$1.schedule(ParentRunner.java:63)&#13;
	at org.junit.runners.ParentRunner.runChildren(ParentRunner.java:236)&#13;
	at org.junit.runners.ParentRunner.access$000(ParentRunner.java:53)&#13;
	at org.junit.runners.ParentRunner$2.evaluate(ParentRunner.java:229)&#13;
	at org.junit.runners.ParentRunner.run(ParentRunner.java:309)&#13;
	at cucumber.api.junit.Cucumber.run(Cucumber.java:100)&#13;
	at org.eclipse.jdt.internal.junit4.runner.JUnit4TestReference.run(JUnit4TestReference.java:89)&#13;
	at org.eclipse.jdt.internal.junit.runner.TestExecution.run(TestExecution.java:41)&#13;
	at org.eclipse.jdt.internal.junit.runner.RemoteTestRunner.runTests(RemoteTestRunner.java:542)&#13;
	at org.eclipse.jdt.internal.junit.runner.RemoteTestRunner.runTests(RemoteTestRunner.java:770)&#13;
	at org.eclipse.jdt.internal.junit.runner.RemoteTestRunner.run(RemoteTestRunner.java:464)&#13;
	at org.eclipse.jdt.internal.junit.runner.RemoteTestRunner.main(RemoteTestRunner.java:210)&#13;
&#13;
</error>
        <testcase name="Given I access webdriveruniversity1" classname="Scenario: Submit information using the contact us form" time="0.003">
          <error>java.lang.IllegalStateException: The path to the driver executable must be set by the webdriver.chrome.driver system property; for more information, see https://github.com/SeleniumHQ/selenium/wiki/ChromeDriver. The latest version can be downloaded from http://chromedriver.storage.googleapis.com/index.html&#13;
	at com.google.common.base.Preconditions.checkState(Preconditions.java:847)&#13;
	at org.openqa.selenium.remote.service.DriverService.findExecutable(DriverService.java:124)&#13;
	at org.openqa.selenium.chrome.ChromeDriverService.access$000(ChromeDriverService.java:32)&#13;
	at org.openqa.selenium.chrome.ChromeDriverService$Builder.findDefaultExecutable(ChromeDriverService.java:137)&#13;
	at org.openqa.selenium.remote.service.DriverService$Builder.build(DriverService.java:339)&#13;
	at org.openqa.selenium.chrome.ChromeDriverService.createDefaultService(ChromeDriverService.java:88)&#13;
	at org.openqa.selenium.chrome.ChromeDriver.&lt;init&gt;(ChromeDriver.java:123)&#13;
	at CucumberFramework.Steps.ContactUs.i_access_webdriveruniversity(ContactUs.java:25)&#13;
	at ✽.Given I access webdriveruniversity1(ContactUs.feature:5)&#13;
&#13;
</error>
        </testcase>
        <testcase name="When I click on the contact1" classname="Scenario: Submit information using the contact us form" time="0.01" ignored="true"/>
        <testcase name="And I enter first name1" classname="Scenario: Submit information using the contact us form" time="0.004" ignored="true"/>
        <testcase name="And I enter last name1" classname="Scenario: Submit information using the contact us form" time="0.003" ignored="true"/>
        <testcase name="And I enter an email address1" classname="Scenario: Submit information using the contact us form" time="0.002" ignored="true"/>
        <testcase name="And I enter comments1" classname="Scenario: Submit information using the contact us form" time="0.002" ignored="true"/>
        <testcase name="And I click on the submit button1" classname="Scenario: Submit information using the contact us form" time="0.002" ignored="true"/>
        <testcase name="Then confirmation" classname="Scenario: Submit information using the contact us form" time="0.004" ignored="true"/>
      </testsuite>
      <testsuite name="Scenario: Submit invalid information using the contact us form" time="0.0" incomplete="true">
        <error>java.lang.IllegalStateException: The path to the driver executable must be set by the webdriver.chrome.driver system property; for more information, see https://github.com/SeleniumHQ/selenium/wiki/ChromeDriver. The latest version can be downloaded from http://chromedriver.storage.googleapis.com/index.html&#13;
	at com.google.common.base.Preconditions.checkState(Preconditions.java:847)&#13;
	at org.openqa.selenium.remote.service.DriverService.findExecutable(DriverService.java:124)&#13;
	at org.openqa.selenium.chrome.ChromeDriverService.access$000(ChromeDriverService.java:32)&#13;
	at org.openqa.selenium.chrome.ChromeDriverService$Builder.findDefaultExecutable(ChromeDriverService.java:137)&#13;
	at org.openqa.selenium.remote.service.DriverService$Builder.build(DriverService.java:339)&#13;
	at org.openqa.selenium.chrome.ChromeDriverService.createDefaultService(ChromeDriverService.java:88)&#13;
	at org.openqa.selenium.chrome.ChromeDriver.&lt;init&gt;(ChromeDriver.java:123)&#13;
	at CucumberFramework.Steps.ContactUs.i_access_webdriveruniversity(ContactUs.java:25)&#13;
	at ✽.Given I access webdriveruniversity1(ContactUs.feature:5)&#13;
&#13;
java.lang.NullPointerException&#13;
	at CucumberFramework.Steps.LoginStep.tearDown(LoginStep.java:25)&#13;
	at java.base/jdk.internal.reflect.NativeMethodAccessorImpl.invoke0(Native Method)&#13;
	at java.base/jdk.internal.reflect.NativeMethodAccessorImpl.invoke(NativeMethodAccessorImpl.java:62)&#13;
	at java.base/jdk.internal.reflect.DelegatingMethodAccessorImpl.invoke(DelegatingMethodAccessorImpl.java:43)&#13;
	at java.base/java.lang.reflect.Method.invoke(Method.java:564)&#13;
	at cucumber.runtime.Utils$1.call(Utils.java:40)&#13;
	at cucumber.runtime.Timeout.timeout(Timeout.java:16)&#13;
	at cucumber.runtime.Utils.invoke(Utils.java:34)&#13;
	at cucumber.runtime.java.JavaHookDefinition.execute(JavaHookDefinition.java:60)&#13;
	at cucumber.runtime.Runtime.runHookIfTagsMatch(Runtime.java:224)&#13;
	at cucumber.runtime.Runtime.runHooks(Runtime.java:212)&#13;
	at cucumber.runtime.Runtime.runAfterHooks(Runtime.java:206)&#13;
	at cucumber.runtime.model.CucumberScenario.run(CucumberScenario.java:46)&#13;
	at cucumber.runtime.junit.ExecutionUnitRunner.run(ExecutionUnitRunner.java:102)&#13;
	at cucumber.runtime.junit.FeatureRunner.runChild(FeatureRunner.java:63)&#13;
	at cucumber.runtime.junit.FeatureRunner.runChild(FeatureRunner.java:18)&#13;
	at org.junit.runners.ParentRunner$3.run(ParentRunner.java:238)&#13;
	at org.junit.runners.ParentRunner$1.schedule(ParentRunner.java:63)&#13;
	at org.junit.runners.ParentRunner.runChildren(ParentRunner.java:236)&#13;
	at org.junit.runners.ParentRunner.access$000(ParentRunner.java:53)&#13;
	at org.junit.runners.ParentRunner$2.evaluate(ParentRunner.java:229)&#13;
	at org.junit.runners.ParentRunner.run(ParentRunner.java:309)&#13;
	at cucumber.runtime.junit.FeatureRunner.run(FeatureRunner.java:70)&#13;
	at cucumber.api.junit.Cucumber.runChild(Cucumber.java:95)&#13;
	at cucumber.api.junit.Cucumber.runChild(Cucumber.java:38)&#13;
	at org.junit.runners.ParentRunner$3.run(ParentRunner.java:238)&#13;
	at org.junit.runners.ParentRunner$1.schedule(ParentRunner.java:63)&#13;
	at org.junit.runners.ParentRunner.runChildren(ParentRunner.java:236)&#13;
	at org.junit.runners.ParentRunner.access$000(ParentRunner.java:53)&#13;
	at org.junit.runners.ParentRunner$2.evaluate(ParentRunner.java:229)&#13;
	at org.junit.runners.ParentRunner.run(ParentRunner.java:309)&#13;
	at cucumber.api.junit.Cucumber.run(Cucumber.java:100)&#13;
	at org.eclipse.jdt.internal.junit4.runner.JUnit4TestReference.run(JUnit4TestReference.java:89)&#13;
	at org.eclipse.jdt.internal.junit.runner.TestExecution.run(TestExecution.java:41)&#13;
	at org.eclipse.jdt.internal.junit.runner.RemoteTestRunner.runTests(RemoteTestRunner.java:542)&#13;
	at org.eclipse.jdt.internal.junit.runner.RemoteTestRunner.runTests(RemoteTestRunner.java:770)&#13;
	at org.eclipse.jdt.internal.junit.runner.RemoteTestRunner.run(RemoteTestRunner.java:464)&#13;
	at org.eclipse.jdt.internal.junit.runner.RemoteTestRunner.main(RemoteTestRunner.java:210)&#13;
&#13;
</error>
        <testcase name="Given I access webdriveruniversity1" classname="Scenario: Submit invalid information using the contact us form" time="0.0">
          <error>java.lang.IllegalStateException: The path to the driver executable must be set by the webdriver.chrome.driver system property; for more information, see https://github.com/SeleniumHQ/selenium/wiki/ChromeDriver. The latest version can be downloaded from http://chromedriver.storage.googleapis.com/index.html&#13;
	at com.google.common.base.Preconditions.checkState(Preconditions.java:847)&#13;
	at org.openqa.selenium.remote.service.DriverService.findExecutable(DriverService.java:124)&#13;
	at org.openqa.selenium.chrome.ChromeDriverService.access$000(ChromeDriverService.java:32)&#13;
	at org.openqa.selenium.chrome.ChromeDriverService$Builder.findDefaultExecutable(ChromeDriverService.java:137)&#13;
	at org.openqa.selenium.remote.service.DriverService$Builder.build(DriverService.java:339)&#13;
	at org.openqa.selenium.chrome.ChromeDriverService.createDefaultService(ChromeDriverService.java:88)&#13;
	at org.openqa.selenium.chrome.ChromeDriver.&lt;init&gt;(ChromeDriver.java:123)&#13;
	at CucumberFramework.Steps.ContactUs.i_access_webdriveruniversity(ContactUs.java:25)&#13;
	at ✽.Given I access webdriveruniversity1(ContactUs.feature:5)&#13;
&#13;
</error>
        </testcase>
        <testcase name="When I click on the contact1" classname="Scenario: Submit invalid information using the contact us form" time="0.006" ignored="true"/>
        <testcase name="And I enter first name1" classname="Scenario: Submit invalid information using the contact us form" time="0.001" ignored="true"/>
        <testcase name="And I enter last name1" classname="Scenario: Submit invalid information using the contact us form" time="0.002" ignored="true"/>
        <testcase name="And I enter an email address2" classname="Scenario: Submit invalid information using the contact us form" time="0.002" ignored="true"/>
        <testcase name="And I enter comments1" classname="Scenario: Submit invalid information using the contact us form" time="0.002" ignored="true"/>
        <testcase name="And I click on the submit button1" classname="Scenario: Submit invalid information using the contact us form" time="0.003" ignored="true"/>
        <testcase name="Then invalid confirmation" classname="Scenario: Submit invalid information using the contact us form" time="0.0" ignored="true"/>
      </testsuite>
    </testsuite>
    <testsuite name="Feature: Login to account at webdriveruniversity.com using login portal" time="0.047">
      <testsuite name="Scenario: Login to account correct password" time="0.0" incomplete="true">
        <error>java.lang.IllegalStateException: The path to the driver executable must be set by the webdriver.chrome.driver system property; for more information, see https://github.com/SeleniumHQ/selenium/wiki/ChromeDriver. The latest version can be downloaded from http://chromedriver.storage.googleapis.com/index.html&#13;
	at com.google.common.base.Preconditions.checkState(Preconditions.java:847)&#13;
	at org.openqa.selenium.remote.service.DriverService.findExecutable(DriverService.java:124)&#13;
	at org.openqa.selenium.chrome.ChromeDriverService.access$000(ChromeDriverService.java:32)&#13;
	at org.openqa.selenium.chrome.ChromeDriverService$Builder.findDefaultExecutable(ChromeDriverService.java:137)&#13;
	at org.openqa.selenium.remote.service.DriverService$Builder.build(DriverService.java:339)&#13;
	at org.openqa.selenium.chrome.ChromeDriverService.createDefaultService(ChromeDriverService.java:88)&#13;
	at org.openqa.selenium.chrome.ChromeDriver.&lt;init&gt;(ChromeDriver.java:123)&#13;
	at CucumberFramework.Steps.LoginStep.i_access_webdriveruniversity(LoginStep.java:31)&#13;
	at ✽.Given I access webdriveruniversity(Login.feature:4)&#13;
&#13;
java.lang.NullPointerException&#13;
	at CucumberFramework.Steps.LoginStep.tearDown(LoginStep.java:25)&#13;
	at java.base/jdk.internal.reflect.NativeMethodAccessorImpl.invoke0(Native Method)&#13;
	at java.base/jdk.internal.reflect.NativeMethodAccessorImpl.invoke(NativeMethodAccessorImpl.java:62)&#13;
	at java.base/jdk.internal.reflect.DelegatingMethodAccessorImpl.invoke(DelegatingMethodAccessorImpl.java:43)&#13;
	at java.base/java.lang.reflect.Method.invoke(Method.java:564)&#13;
	at cucumber.runtime.Utils$1.call(Utils.java:40)&#13;
	at cucumber.runtime.Timeout.timeout(Timeout.java:16)&#13;
	at cucumber.runtime.Utils.invoke(Utils.java:34)&#13;
	at cucumber.runtime.java.JavaHookDefinition.execute(JavaHookDefinition.java:60)&#13;
	at cucumber.runtime.Runtime.runHookIfTagsMatch(Runtime.java:224)&#13;
	at cucumber.runtime.Runtime.runHooks(Runtime.java:212)&#13;
	at cucumber.runtime.Runtime.runAfterHooks(Runtime.java:206)&#13;
	at cucumber.runtime.model.CucumberScenario.run(CucumberScenario.java:46)&#13;
	at cucumber.runtime.junit.ExecutionUnitRunner.run(ExecutionUnitRunner.java:102)&#13;
	at cucumber.runtime.junit.FeatureRunner.runChild(FeatureRunner.java:63)&#13;
	at cucumber.runtime.junit.FeatureRunner.runChild(FeatureRunner.java:18)&#13;
	at org.junit.runners.ParentRunner$3.run(ParentRunner.java:238)&#13;
	at org.junit.runners.ParentRunner$1.schedule(ParentRunner.java:63)&#13;
	at org.junit.runners.ParentRunner.runChildren(ParentRunner.java:236)&#13;
	at org.junit.runners.ParentRunner.access$000(ParentRunner.java:53)&#13;
	at org.junit.runners.ParentRunner$2.evaluate(ParentRunner.java:229)&#13;
	at org.junit.runners.ParentRunner.run(ParentRunner.java:309)&#13;
	at cucumber.runtime.junit.FeatureRunner.run(FeatureRunner.java:70)&#13;
	at cucumber.api.junit.Cucumber.runChild(Cucumber.java:95)&#13;
	at cucumber.api.junit.Cucumber.runChild(Cucumber.java:38)&#13;
	at org.junit.runners.ParentRunner$3.run(ParentRunner.java:238)&#13;
	at org.junit.runners.ParentRunner$1.schedule(ParentRunner.java:63)&#13;
	at org.junit.runners.ParentRunner.runChildren(ParentRunner.java:236)&#13;
	at org.junit.runners.ParentRunner.access$000(ParentRunner.java:53)&#13;
	at org.junit.runners.ParentRunner$2.evaluate(ParentRunner.java:229)&#13;
	at org.junit.runners.ParentRunner.run(ParentRunner.java:309)&#13;
	at cucumber.api.junit.Cucumber.run(Cucumber.java:100)&#13;
	at org.eclipse.jdt.internal.junit4.runner.JUnit4TestReference.run(JUnit4TestReference.java:89)&#13;
	at org.eclipse.jdt.internal.junit.runner.TestExecution.run(TestExecution.java:41)&#13;
	at org.eclipse.jdt.internal.junit.runner.RemoteTestRunner.runTests(RemoteTestRunner.java:542)&#13;
	at org.eclipse.jdt.internal.junit.runner.RemoteTestRunner.runTests(RemoteTestRunner.java:770)&#13;
	at org.eclipse.jdt.internal.junit.runner.RemoteTestRunner.run(RemoteTestRunner.java:464)&#13;
	at org.eclipse.jdt.internal.junit.runner.RemoteTestRunner.main(RemoteTestRunner.java:210)&#13;
&#13;
</error>
        <testcase name="Given I access webdriveruniversity" classname="Scenario: Login to account correct password" time="0.0">
          <error>java.lang.IllegalStateException: The path to the driver executable must be set by the webdriver.chrome.driver system property; for more information, see https://github.com/SeleniumHQ/selenium/wiki/ChromeDriver. The latest version can be downloaded from http://chromedriver.storage.googleapis.com/index.html&#13;
	at com.google.common.base.Preconditions.checkState(Preconditions.java:847)&#13;
	at org.openqa.selenium.remote.service.DriverService.findExecutable(DriverService.java:124)&#13;
	at org.openqa.selenium.chrome.ChromeDriverService.access$000(ChromeDriverService.java:32)&#13;
	at org.openqa.selenium.chrome.ChromeDriverService$Builder.findDefaultExecutable(ChromeDriverService.java:137)&#13;
	at org.openqa.selenium.remote.service.DriverService$Builder.build(DriverService.java:339)&#13;
	at org.openqa.selenium.chrome.ChromeDriverService.createDefaultService(ChromeDriverService.java:88)&#13;
	at org.openqa.selenium.chrome.ChromeDriver.&lt;init&gt;(ChromeDriver.java:123)&#13;
	at CucumberFramework.Steps.LoginStep.i_access_webdriveruniversity(LoginStep.java:31)&#13;
	at ✽.Given I access webdriveruniversity(Login.feature:4)&#13;
&#13;
</error>
        </testcase>
        <testcase name="When I click on the login portal button" classname="Scenario: Login to account correct password" time="0.001" ignored="true"/>
        <testcase name="And I enter username" classname="Scenario: Login to account correct password" time="0.003" ignored="true"/>
        <testcase name="And I enter a &quot;webdriver123&quot; password" classname="Scenario: Login to account correct password" time="0.003" ignored="true"/>
        <testcase name="When I click on the login button" classname="Scenario: Login to account correct password" time="0.002" ignored="true"/>
        <testcase name="Then I should be presented wit a successful validation alert" classname="Scenario: Login to account correct password" time="0.002" ignored="true"/>
      </testsuite>
      <testsuite name="Scenario: Login to account with a invalid password" time="0.001" incomplete="true">
        <error>java.lang.IllegalStateException: The path to the driver executable must be set by the webdriver.chrome.driver system property; for more information, see https://github.com/SeleniumHQ/selenium/wiki/ChromeDriver. The latest version can be downloaded from http://chromedriver.storage.googleapis.com/index.html&#13;
	at com.google.common.base.Preconditions.checkState(Preconditions.java:847)&#13;
	at org.openqa.selenium.remote.service.DriverService.findExecutable(DriverService.java:124)&#13;
	at org.openqa.selenium.chrome.ChromeDriverService.access$000(ChromeDriverService.java:32)&#13;
	at org.openqa.selenium.chrome.ChromeDriverService$Builder.findDefaultExecutable(ChromeDriverService.java:137)&#13;
	at org.openqa.selenium.remote.service.DriverService$Builder.build(DriverService.java:339)&#13;
	at org.openqa.selenium.chrome.ChromeDriverService.createDefaultService(ChromeDriverService.java:88)&#13;
	at org.openqa.selenium.chrome.ChromeDriver.&lt;init&gt;(ChromeDriver.java:123)&#13;
	at CucumberFramework.Steps.LoginStep.i_access_webdriveruniversity(LoginStep.java:31)&#13;
	at ✽.Given I access webdriveruniversity(Login.feature:4)&#13;
&#13;
java.lang.NullPointerException&#13;
	at CucumberFramework.Steps.LoginStep.tearDown(LoginStep.java:25)&#13;
	at java.base/jdk.internal.reflect.NativeMethodAccessorImpl.invoke0(Native Method)&#13;
	at java.base/jdk.internal.reflect.NativeMethodAccessorImpl.invoke(NativeMethodAccessorImpl.java:62)&#13;
	at java.base/jdk.internal.reflect.DelegatingMethodAccessorImpl.invoke(DelegatingMethodAccessorImpl.java:43)&#13;
	at java.base/java.lang.reflect.Method.invoke(Method.java:564)&#13;
	at cucumber.runtime.Utils$1.call(Utils.java:40)&#13;
	at cucumber.runtime.Timeout.timeout(Timeout.java:16)&#13;
	at cucumber.runtime.Utils.invoke(Utils.java:34)&#13;
	at cucumber.runtime.java.JavaHookDefinition.execute(JavaHookDefinition.java:60)&#13;
	at cucumber.runtime.Runtime.runHookIfTagsMatch(Runtime.java:224)&#13;
	at cucumber.runtime.Runtime.runHooks(Runtime.java:212)&#13;
	at cucumber.runtime.Runtime.runAfterHooks(Runtime.java:206)&#13;
	at cucumber.runtime.model.CucumberScenario.run(CucumberScenario.java:46)&#13;
	at cucumber.runtime.junit.ExecutionUnitRunner.run(ExecutionUnitRunner.java:102)&#13;
	at cucumber.runtime.junit.FeatureRunner.runChild(FeatureRunner.java:63)&#13;
	at cucumber.runtime.junit.FeatureRunner.runChild(FeatureRunner.java:18)&#13;
	at org.junit.runners.ParentRunner$3.run(ParentRunner.java:238)&#13;
	at org.junit.runners.ParentRunner$1.schedule(ParentRunner.java:63)&#13;
	at org.junit.runners.ParentRunner.runChildren(ParentRunner.java:236)&#13;
	at org.junit.runners.ParentRunner.access$000(ParentRunner.java:53)&#13;
	at org.junit.runners.ParentRunner$2.evaluate(ParentRunner.java:229)&#13;
	at org.junit.runners.ParentRunner.run(ParentRunner.java:309)&#13;
	at cucumber.runtime.junit.FeatureRunner.run(FeatureRunner.java:70)&#13;
	at cucumber.api.junit.Cucumber.runChild(Cucumber.java:95)&#13;
	at cucumber.api.junit.Cucumber.runChild(Cucumber.java:38)&#13;
	at org.junit.runners.ParentRunner$3.run(ParentRunner.java:238)&#13;
	at org.junit.runners.ParentRunner$1.schedule(ParentRunner.java:63)&#13;
	at org.junit.runners.ParentRunner.runChildren(ParentRunner.java:236)&#13;
	at org.junit.runners.ParentRunner.access$000(ParentRunner.java:53)&#13;
	at org.junit.runners.ParentRunner$2.evaluate(ParentRunner.java:229)&#13;
	at org.junit.runners.ParentRunner.run(ParentRunner.java:309)&#13;
	at cucumber.api.junit.Cucumber.run(Cucumber.java:100)&#13;
	at org.eclipse.jdt.internal.junit4.runner.JUnit4TestReference.run(JUnit4TestReference.java:89)&#13;
	at org.eclipse.jdt.internal.junit.runner.TestExecution.run(TestExecution.java:41)&#13;
	at org.eclipse.jdt.internal.junit.runner.RemoteTestRunner.runTests(RemoteTestRunner.java:542)&#13;
	at org.eclipse.jdt.internal.junit.runner.RemoteTestRunner.runTests(RemoteTestRunner.java:770)&#13;
	at org.eclipse.jdt.internal.junit.runner.RemoteTestRunner.run(RemoteTestRunner.java:464)&#13;
	at org.eclipse.jdt.internal.junit.runner.RemoteTestRunner.main(RemoteTestRunner.java:210)&#13;
&#13;
</error>
        <testcase name="Given I access webdriveruniversity" classname="Scenario: Login to account with a invalid password" time="0.0">
          <error>java.lang.IllegalStateException: The path to the driver executable must be set by the webdriver.chrome.driver system property; for more information, see https://github.com/SeleniumHQ/selenium/wiki/ChromeDriver. The latest version can be downloaded from http://chromedriver.storage.googleapis.com/index.html&#13;
	at com.google.common.base.Preconditions.checkState(Preconditions.java:847)&#13;
	at org.openqa.selenium.remote.service.DriverService.findExecutable(DriverService.java:124)&#13;
	at org.openqa.selenium.chrome.ChromeDriverService.access$000(ChromeDriverService.java:32)&#13;
	at org.openqa.selenium.chrome.ChromeDriverService$Builder.findDefaultExecutable(ChromeDriverService.java:137)&#13;
	at org.openqa.selenium.remote.service.DriverService$Builder.build(DriverService.java:339)&#13;
	at org.openqa.selenium.chrome.ChromeDriverService.createDefaultService(ChromeDriverService.java:88)&#13;
	at org.openqa.selenium.chrome.ChromeDriver.&lt;init&gt;(ChromeDriver.java:123)&#13;
	at CucumberFramework.Steps.LoginStep.i_access_webdriveruniversity(LoginStep.java:31)&#13;
	at ✽.Given I access webdriveruniversity(Login.feature:4)&#13;
&#13;
</error>
        </testcase>
        <testcase name="When I click on the login portal button" classname="Scenario: Login to account with a invalid password" time="0.002" ignored="true"/>
        <testcase name="And I enter username" classname="Scenario: Login to account with a invalid password" time="0.005" ignored="true"/>
        <testcase name="And I enter a &quot;invalid&quot; password" classname="Scenario: Login to account with a invalid password" time="0.004" ignored="true"/>
        <testcase name="When I click on the login button" classname="Scenario: Login to account with a invalid password" time="0.002" ignored="true"/>
        <testcase name="Then I should be presented with a unsuccessful validation alert" classname="Scenario: Login to account with a invalid password" time="0.001" ignored="true"/>
      </testsuite>
    </testsuite>
  </testsuite>
</testrun>
